2026-04-07 09:11:43.905  INFO 6924 --- [main] com.example.demo.FrontBusApplication     : Starting FrontBusApplication using Java 17.0.4.1 on Windows10-2025 with PID 6924 (C:\Users\usuario\Desktop\prueba_solemne1\front-plato\target\classes started by usuario in C:\Users\usuario\Desktop\prueba_solemne1\front-plato)
2026-04-07 09:11:43.914  INFO 6924 --- [main] com.example.demo.FrontBusApplication     : No active profile set, falling back to default profiles: default
2026-04-07 09:11:44.745  INFO 6924 --- [main] o.s.b.w.embedded.tomcat.TomcatWebServer  : Tomcat initialized with port(s): 9876 (http)
2026-04-07 09:11:44.757  INFO 6924 --- [main] o.apache.catalina.core.StandardService   : Starting service [Tomcat]
2026-04-07 09:11:44.757  INFO 6924 --- [main] org.apache.catalina.core.StandardEngine  : Starting Servlet engine: [Apache Tomcat/9.0.56]
2026-04-07 09:11:44.816  INFO 6924 --- [main] o.a.c.c.C.[Tomcat].[localhost].[/]       : Initializing Spring embedded WebApplicationContext
2026-04-07 09:11:44.816  INFO 6924 --- [main] w.s.c.ServletWebServerApplicationContext : Root WebApplicationContext: initialization completed in 844 ms
2026-04-07 09:11:45.009  INFO 6924 --- [main] o.s.b.a.w.s.WelcomePageHandlerMapping    : Adding welcome page template: index
2026-04-07 09:11:45.212  INFO 6924 --- [main] o.s.b.w.embedded.tomcat.TomcatWebServer  : Tomcat started on port(s): 9876 (http) with context path ''
2026-04-07 09:11:45.222  INFO 6924 --- [main] com.example.demo.FrontBusApplication     : Started FrontBusApplication in 1.167 seconds (JVM running for 1.592)
2026-04-07 09:11:56.200  INFO 6924 --- [http-nio-9876-exec-1] o.a.c.c.C.[Tomcat].[localhost].[/]       : Initializing Spring DispatcherServlet 'dispatcherServlet'
2026-04-07 09:11:56.200  INFO 6924 --- [http-nio-9876-exec-1] o.s.web.servlet.DispatcherServlet        : Initializing Servlet 'dispatcherServlet'
2026-04-07 09:11:56.201  INFO 6924 --- [http-nio-9876-exec-1] o.s.web.servlet.DispatcherServlet        : Completed initialization in 0 ms
2026-04-07 09:15:31.709  INFO 6924 --- [RMI TCP Connection(13)-127.0.0.1] inMXBeanRegistrar$SpringApplicationAdmin : Application shutdown requested.
2026-04-07 09:15:33.523  INFO 8324 --- [main] com.example.demo.FrontBusApplication     : Starting FrontBusApplication using Java 17.0.4.1 on Windows10-2025 with PID 8324 (C:\Users\usuario\Desktop\prueba_solemne1\front-plato\target\classes started by usuario in C:\Users\usuario\Desktop\prueba_solemne1\front-plato)
2026-04-07 09:15:33.525  INFO 8324 --- [main] com.example.demo.FrontBusApplication     : No active profile set, falling back to default profiles: default
2026-04-07 09:15:33.775  INFO 8324 --- [main] o.s.b.w.embedded.tomcat.TomcatWebServer  : Tomcat initialized with port(s): 9876 (http)
2026-04-07 09:15:33.778  INFO 8324 --- [main] o.apache.catalina.core.StandardService   : Starting service [Tomcat]
2026-04-07 09:15:33.778  INFO 8324 --- [main] org.apache.catalina.core.StandardEngine  : Starting Servlet engine: [Apache Tomcat/9.0.56]
2026-04-07 09:15:33.800  INFO 8324 --- [main] o.a.c.c.C.[Tomcat].[localhost].[/]       : Initializing Spring embedded WebApplicationContext
2026-04-07 09:15:33.800  INFO 8324 --- [main] w.s.c.ServletWebServerApplicationContext : Root WebApplicationContext: initialization completed in 258 ms
2026-04-07 09:15:33.874  INFO 8324 --- [main] o.s.b.a.w.s.WelcomePageHandlerMapping    : Adding welcome page template: index
2026-04-07 09:15:33.928  INFO 8324 --- [main] o.s.b.w.embedded.tomcat.TomcatWebServer  : Tomcat started on port(s): 9876 (http) with context path ''
2026-04-07 09:15:33.932  INFO 8324 --- [main] com.example.demo.FrontBusApplication     : Started FrontBusApplication in 0.918 seconds (JVM running for 1.259)
2026-04-07 09:15:36.745  INFO 8324 --- [RMI TCP Connection(6)-127.0.0.1] inMXBeanRegistrar$SpringApplicationAdmin : Application shutdown requested.
2026-04-07 09:15:43.168  INFO 8640 --- [main] com.example.demo.FrontBusApplication     : Starting FrontBusApplication using Java 17.0.4.1 on Windows10-2025 with PID 8640 (C:\Users\usuario\Desktop\prueba_solemne1\front-plato\target\classes started by usuario in C:\Users\usuario\Desktop\prueba_solemne1\front-plato)
2026-04-07 09:15:43.170  INFO 8640 --- [main] com.example.demo.FrontBusApplication     : No active profile set, falling back to default profiles: default
2026-04-07 09:15:43.435  INFO 8640 --- [main] o.s.b.w.embedded.tomcat.TomcatWebServer  : Tomcat initialized with port(s): 9876 (http)
2026-04-07 09:15:43.439  INFO 8640 --- [main] o.apache.catalina.core.StandardService   : Starting service [Tomcat]
2026-04-07 09:15:43.440  INFO 8640 --- [main] org.apache.catalina.core.StandardEngine  : Starting Servlet engine: [Apache Tomcat/9.0.56]
2026-04-07 09:15:43.460  INFO 8640 --- [main] o.a.c.c.C.[Tomcat].[localhost].[/]       : Initializing Spring embedded WebApplicationContext
2026-04-07 09:15:43.461  INFO 8640 --- [main] w.s.c.ServletWebServerApplicationContext : Root WebApplicationContext: initialization completed in 251 ms
2026-04-07 09:15:43.534  INFO 8640 --- [main] o.s.b.a.w.s.WelcomePageHandlerMapping    : Adding welcome page template: index
2026-04-07 09:15:43.578  INFO 8640 --- [main] o.s.b.w.embedded.tomcat.TomcatWebServer  : Tomcat started on port(s): 9876 (http) with context path ''
2026-04-07 09:15:43.585  INFO 8640 --- [main] com.example.demo.FrontBusApplication     : Started FrontBusApplication in 0.884 seconds (JVM running for 1.199)
2026-04-07 09:15:47.099  INFO 8640 --- [http-nio-9876-exec-1] o.a.c.c.C.[Tomcat].[localhost].[/]       : Initializing Spring DispatcherServlet 'dispatcherServlet'
2026-04-07 09:15:47.099  INFO 8640 --- [http-nio-9876-exec-1] o.s.web.servlet.DispatcherServlet        : Initializing Servlet 'dispatcherServlet'
2026-04-07 09:15:47.099  INFO 8640 --- [http-nio-9876-exec-1] o.s.web.servlet.DispatcherServlet        : Completed initialization in 0 ms
2026-04-07 09:18:29.188  INFO 8640 --- [RMI TCP Connection(11)-127.0.0.1] inMXBeanRegistrar$SpringApplicationAdmin : Application shutdown requested.
2026-04-07 09:19:56.164  INFO 6576 --- [main] com.example.demo.FrontBusApplication     : Starting FrontBusApplication using Java 17.0.4.1 on Windows10-2025 with PID 6576 (C:\Users\usuario\Desktop\prueba_solemne1\front-plato\target\classes started by usuario in C:\Users\usuario\Desktop\prueba_solemne1\front-plato)
2026-04-07 09:19:56.167  INFO 6576 --- [main] com.example.demo.FrontBusApplication     : No active profile set, falling back to default profiles: default
2026-04-07 09:19:56.676  INFO 6576 --- [main] o.s.b.w.embedded.tomcat.TomcatWebServer  : Tomcat initialized with port(s): 9876 (http)
2026-04-07 09:19:56.682  INFO 6576 --- [main] o.apache.catalina.core.StandardService   : Starting service [Tomcat]
2026-04-07 09:19:56.682  INFO 6576 --- [main] org.apache.catalina.core.StandardEngine  : Starting Servlet engine: [Apache Tomcat/9.0.56]
2026-04-07 09:19:56.724  INFO 6576 --- [main] o.a.c.c.C.[Tomcat].[localhost].[/]       : Initializing Spring embedded WebApplicationContext
2026-04-07 09:19:56.724  INFO 6576 --- [main] w.s.c.ServletWebServerApplicationContext : Root WebApplicationContext: initialization completed in 520 ms
2026-04-07 09:19:56.871  INFO 6576 --- [main] o.s.b.a.w.s.WelcomePageHandlerMapping    : Adding welcome page template: index
2026-04-07 09:19:56.970  INFO 6576 --- [main] o.s.b.w.embedded.tomcat.TomcatWebServer  : Tomcat started on port(s): 9876 (http) with context path ''
2026-04-07 09:19:56.977  INFO 6576 --- [main] com.example.demo.FrontBusApplication     : Started FrontBusApplication in 0.861 seconds (JVM running for 1.225)
2026-04-07 09:20:01.994  INFO 6576 --- [http-nio-9876-exec-1] o.a.c.c.C.[Tomcat].[localhost].[/]       : Initializing Spring DispatcherServlet 'dispatcherServlet'
2026-04-07 09:20:01.995  INFO 6576 --- [http-nio-9876-exec-1] o.s.web.servlet.DispatcherServlet        : Initializing Servlet 'dispatcherServlet'
2026-04-07 09:20:01.996  INFO 6576 --- [http-nio-9876-exec-1] o.s.web.servlet.DispatcherServlet        : Completed initialization in 0 ms
2026-04-07 09:20:48.105  INFO 6576 --- [RMI TCP Connection(8)-127.0.0.1] inMXBeanRegistrar$SpringApplicationAdmin : Application shutdown requested.
2026-04-07 09:22:05.902  INFO 8124 --- [main] com.example.demo.FrontBusApplication     : Starting FrontBusApplication using Java 17.0.4.1 on Windows10-2025 with PID 8124 (C:\Users\usuario\Desktop\prueba_solemne1\front-plato\target\classes started by usuario in C:\Users\usuario\Desktop\prueba_solemne1\front-plato)
2026-04-07 09:22:05.903  INFO 8124 --- [main] com.example.demo.FrontBusApplication     : No active profile set, falling back to default profiles: default
2026-04-07 09:22:06.306  INFO 8124 --- [main] o.s.b.w.embedded.tomcat.TomcatWebServer  : Tomcat initialized with port(s): 9876 (http)
2026-04-07 09:22:06.313  INFO 8124 --- [main] o.apache.catalina.core.StandardService   : Starting service [Tomcat]
2026-04-07 09:22:06.313  INFO 8124 --- [main] org.apache.catalina.core.StandardEngine  : Starting Servlet engine: [Apache Tomcat/9.0.56]
2026-04-07 09:22:06.350  INFO 8124 --- [main] o.a.c.c.C.[Tomcat].[localhost].[/]       : Initializing Spring embedded WebApplicationContext
2026-04-07 09:22:06.350  INFO 8124 --- [main] w.s.c.ServletWebServerApplicationContext : Root WebApplicationContext: initialization completed in 422 ms
2026-04-07 09:22:06.470  INFO 8124 --- [main] o.s.b.a.w.s.WelcomePageHandlerMapping    : Adding welcome page template: index
2026-04-07 09:22:06.582  INFO 8124 --- [main] o.s.b.w.embedded.tomcat.TomcatWebServer  : Tomcat started on port(s): 9876 (http) with context path ''
2026-04-07 09:22:06.587  INFO 8124 --- [main] com.example.demo.FrontBusApplication     : Started FrontBusApplication in 0.904 seconds (JVM running for 1.257)
2026-04-07 09:22:11.489  INFO 8124 --- [http-nio-9876-exec-1] o.a.c.c.C.[Tomcat].[localhost].[/]       : Initializing Spring DispatcherServlet 'dispatcherServlet'
2026-04-07 09:22:11.490  INFO 8124 --- [http-nio-9876-exec-1] o.s.web.servlet.DispatcherServlet        : Initializing Servlet 'dispatcherServlet'
2026-04-07 09:22:11.491  INFO 8124 --- [http-nio-9876-exec-1] o.s.web.servlet.DispatcherServlet        : Completed initialization in 0 ms
2026-04-07 09:25:00.991  INFO 8124 --- [RMI TCP Connection(12)-127.0.0.1] inMXBeanRegistrar$SpringApplicationAdmin : Application shutdown requested.
2026-04-07 09:25:19.063  INFO 8500 --- [main] com.example.demo.FrontBusApplication     : Starting FrontBusApplication using Java 17.0.4.1 on Windows10-2025 with PID 8500 (C:\Users\usuario\Desktop\prueba_solemne1\front-plato\target\classes started by usuario in C:\Users\usuario\Desktop\prueba_solemne1\front-plato)
2026-04-07 09:25:19.066  INFO 8500 --- [main] com.example.demo.FrontBusApplication     : No active profile set, falling back to default profiles: default
2026-04-07 09:25:19.588  INFO 8500 --- [main] o.s.b.w.embedded.tomcat.TomcatWebServer  : Tomcat initialized with port(s): 9876 (http)
2026-04-07 09:25:19.597  INFO 8500 --- [main] o.apache.catalina.core.StandardService   : Starting service [Tomcat]
2026-04-07 09:25:19.599  INFO 8500 --- [main] org.apache.catalina.core.StandardEngine  : Starting Servlet engine: [Apache Tomcat/9.0.56]
2026-04-07 09:25:19.654  INFO 8500 --- [main] o.a.c.c.C.[Tomcat].[localhost].[/]       : Initializing Spring embedded WebApplicationContext
2026-04-07 09:25:19.654  INFO 8500 --- [main] w.s.c.ServletWebServerApplicationContext : Root WebApplicationContext: initialization completed in 553 ms
2026-04-07 09:25:19.803  INFO 8500 --- [main] o.s.b.a.w.s.WelcomePageHandlerMapping    : Adding welcome page template: index
2026-04-07 09:25:19.910  INFO 8500 --- [main] o.s.b.w.embedded.tomcat.TomcatWebServer  : Tomcat started on port(s): 9876 (http) with context path ''
2026-04-07 09:25:19.919  INFO 8500 --- [main] com.example.demo.FrontBusApplication     : Started FrontBusApplication in 0.914 seconds (JVM running for 1.256)
2026-04-07 09:25:25.991  INFO 8500 --- [http-nio-9876-exec-1] o.a.c.c.C.[Tomcat].[localhost].[/]       : Initializing Spring DispatcherServlet 'dispatcherServlet'
2026-04-07 09:25:25.992  INFO 8500 --- [http-nio-9876-exec-1] o.s.web.servlet.DispatcherServlet        : Initializing Servlet 'dispatcherServlet'
2026-04-07 09:25:25.994  INFO 8500 --- [http-nio-9876-exec-1] o.s.web.servlet.DispatcherServlet        : Completed initialization in 2 ms
2026-04-07 09:28:58.576  INFO 8500 --- [RMI TCP Connection(11)-127.0.0.1] inMXBeanRegistrar$SpringApplicationAdmin : Application shutdown requested.
2026-04-07 09:29:13.550  INFO 7164 --- [main] com.example.demo.FrontBusApplication     : Starting FrontBusApplication using Java 17.0.4.1 on Windows10-2025 with PID 7164 (C:\Users\usuario\Desktop\prueba_solemne1\front-plato\target\classes started by usuario in C:\Users\usuario\Desktop\prueba_solemne1\front-plato)
2026-04-07 09:29:13.551  INFO 7164 --- [main] com.example.demo.FrontBusApplication     : No active profile set, falling back to default profiles: default
2026-04-07 09:29:13.997  INFO 7164 --- [main] o.s.b.w.embedded.tomcat.TomcatWebServer  : Tomcat initialized with port(s): 9876 (http)
2026-04-07 09:29:14.002  INFO 7164 --- [main] o.apache.catalina.core.StandardService   : Starting service [Tomcat]
2026-04-07 09:29:14.003  INFO 7164 --- [main] org.apache.catalina.core.StandardEngine  : Starting Servlet engine: [Apache Tomcat/9.0.56]
2026-04-07 09:29:14.041  INFO 7164 --- [main] o.a.c.c.C.[Tomcat].[localhost].[/]       : Initializing Spring embedded WebApplicationContext
2026-04-07 09:29:14.041  INFO 7164 --- [main] w.s.c.ServletWebServerApplicationContext : Root WebApplicationContext: initialization completed in 459 ms
2026-04-07 09:29:14.178  INFO 7164 --- [main] o.s.b.a.w.s.WelcomePageHandlerMapping    : Adding welcome page template: index
2026-04-07 09:29:14.268  INFO 7164 --- [main] o.s.b.w.embedded.tomcat.TomcatWebServer  : Tomcat started on port(s): 9876 (http) with context path ''
2026-04-07 09:29:14.275  INFO 7164 --- [main] com.example.demo.FrontBusApplication     : Started FrontBusApplication in 0.866 seconds (JVM running for 1.215)
2026-04-07 09:29:18.022  INFO 7164 --- [http-nio-9876-exec-1] o.a.c.c.C.[Tomcat].[localhost].[/]       : Initializing Spring DispatcherServlet 'dispatcherServlet'
2026-04-07 09:29:18.022  INFO 7164 --- [http-nio-9876-exec-1] o.s.web.servlet.DispatcherServlet        : Initializing Servlet 'dispatcherServlet'
2026-04-07 09:29:18.026  INFO 7164 --- [http-nio-9876-exec-1] o.s.web.servlet.DispatcherServlet        : Completed initialization in 4 ms
2026-04-07 09:30:04.437  INFO 7164 --- [RMI TCP Connection(9)-127.0.0.1] inMXBeanRegistrar$SpringApplicationAdmin : Application shutdown requested.
2026-04-07 09:30:18.979  INFO 6272 --- [main] com.example.demo.FrontBusApplication     : Starting FrontBusApplication using Java 17.0.4.1 on Windows10-2025 with PID 6272 (C:\Users\usuario\Desktop\prueba_solemne1\front-plato\target\classes started by usuario in C:\Users\usuario\Desktop\prueba_solemne1\front-plato)
2026-04-07 09:30:18.981  INFO 6272 --- [main] com.example.demo.FrontBusApplication     : No active profile set, falling back to default profiles: default
2026-04-07 09:30:19.533  INFO 6272 --- [main] o.s.b.w.embedded.tomcat.TomcatWebServer  : Tomcat initialized with port(s): 9876 (http)
2026-04-07 09:30:19.540  INFO 6272 --- [main] o.apache.catalina.core.StandardService   : Starting service [Tomcat]
2026-04-07 09:30:19.541  INFO 6272 --- [main] org.apache.catalina.core.StandardEngine  : Starting Servlet engine: [Apache Tomcat/9.0.56]
2026-04-07 09:30:19.588  INFO 6272 --- [main] o.a.c.c.C.[Tomcat].[localhost].[/]       : Initializing Spring embedded WebApplicationContext
2026-04-07 09:30:19.590  INFO 6272 --- [main] w.s.c.ServletWebServerApplicationContext : Root WebApplicationContext: initialization completed in 570 ms
2026-04-07 09:30:19.766  INFO 6272 --- [main] o.s.b.a.w.s.WelcomePageHandlerMapping    : Adding welcome page template: index
2026-04-07 09:30:19.919  INFO 6272 --- [main] o.s.b.w.embedded.tomcat.TomcatWebServer  : Tomcat started on port(s): 9876 (http) with context path ''
2026-04-07 09:30:19.927  INFO 6272 --- [main] com.example.demo.FrontBusApplication     : Started FrontBusApplication in 0.932 seconds (JVM running for 1.284)
2026-04-07 09:30:24.862  INFO 6272 --- [http-nio-9876-exec-1] o.a.c.c.C.[Tomcat].[localhost].[/]       : Initializing Spring DispatcherServlet 'dispatcherServlet'
2026-04-07 09:30:24.863  INFO 6272 --- [http-nio-9876-exec-1] o.s.web.servlet.DispatcherServlet        : Initializing Servlet 'dispatcherServlet'
2026-04-07 09:30:24.863  INFO 6272 --- [http-nio-9876-exec-1] o.s.web.servlet.DispatcherServlet        : Completed initialization in 0 ms
2026-04-07 09:32:29.592  INFO 6272 --- [RMI TCP Connection(10)-127.0.0.1] inMXBeanRegistrar$SpringApplicationAdmin : Application shutdown requested.
2026-04-07 09:32:40.625  INFO 7772 --- [main] com.example.demo.FrontBusApplication     : Starting FrontBusApplication using Java 17.0.4.1 on Windows10-2025 with PID 7772 (C:\Users\usuario\Desktop\prueba_solemne1\front-plato\target\classes started by usuario in C:\Users\usuario\Desktop\prueba_solemne1\front-plato)
2026-04-07 09:32:40.629  INFO 7772 --- [main] com.example.demo.FrontBusApplication     : No active profile set, falling back to default profiles: default
2026-04-07 09:32:40.947  INFO 7772 --- [main] o.s.b.w.embedded.tomcat.TomcatWebServer  : Tomcat initialized with port(s): 9876 (http)
2026-04-07 09:32:40.953  INFO 7772 --- [main] o.apache.catalina.core.StandardService   : Starting service [Tomcat]
2026-04-07 09:32:40.953  INFO 7772 --- [main] org.apache.catalina.core.StandardEngine  : Starting Servlet engine: [Apache Tomcat/9.0.56]
2026-04-07 09:32:40.979  INFO 7772 --- [main] o.a.c.c.C.[Tomcat].[localhost].[/]       : Initializing Spring embedded WebApplicationContext
2026-04-07 09:32:40.979  INFO 7772 --- [main] w.s.c.ServletWebServerApplicationContext : Root WebApplicationContext: initialization completed in 325 ms
2026-04-07 09:32:41.071  INFO 7772 --- [main] o.s.b.a.w.s.WelcomePageHandlerMapping    : Adding welcome page template: index
2026-04-07 09:32:41.136  INFO 7772 --- [main] o.s.b.w.embedded.tomcat.TomcatWebServer  : Tomcat started on port(s): 9876 (http) with context path ''
2026-04-07 09:32:41.140  INFO 7772 --- [main] com.example.demo.FrontBusApplication     : Started FrontBusApplication in 0.86 seconds (JVM running for 1.182)
2026-04-07 09:32:45.841  INFO 7772 --- [http-nio-9876-exec-1] o.a.c.c.C.[Tomcat].[localhost].[/]       : Initializing Spring DispatcherServlet 'dispatcherServlet'
2026-04-07 09:32:45.841  INFO 7772 --- [http-nio-9876-exec-1] o.s.web.servlet.DispatcherServlet        : Initializing Servlet 'dispatcherServlet'
2026-04-07 09:32:45.841  INFO 7772 --- [http-nio-9876-exec-1] o.s.web.servlet.DispatcherServlet        : Completed initialization in 0 ms
2026-04-07 09:35:44.404  INFO 7772 --- [RMI TCP Connection(11)-127.0.0.1] inMXBeanRegistrar$SpringApplicationAdmin : Application shutdown requested.
2026-04-07 09:35:57.389  INFO 1396 --- [main] com.example.demo.FrontBusApplication     : Starting FrontBusApplication using Java 17.0.4.1 on Windows10-2025 with PID 1396 (C:\Users\usuario\Desktop\prueba_solemne1\front-plato\target\classes started by usuario in C:\Users\usuario\Desktop\prueba_solemne1\front-plato)
2026-04-07 09:35:57.391  INFO 1396 --- [main] com.example.demo.FrontBusApplication     : No active profile set, falling back to default profiles: default
2026-04-07 09:35:57.931  INFO 1396 --- [main] o.s.b.w.embedded.tomcat.TomcatWebServer  : Tomcat initialized with port(s): 9876 (http)
2026-04-07 09:35:57.940  INFO 1396 --- [main] o.apache.catalina.core.StandardService   : Starting service [Tomcat]
2026-04-07 09:35:57.940  INFO 1396 --- [main] org.apache.catalina.core.StandardEngine  : Starting Servlet engine: [Apache Tomcat/9.0.56]
2026-04-07 09:35:57.985  INFO 1396 --- [main] o.a.c.c.C.[Tomcat].[localhost].[/]       : Initializing Spring embedded WebApplicationContext
2026-04-07 09:35:57.985  INFO 1396 --- [main] w.s.c.ServletWebServerApplicationContext : Root WebApplicationContext: initialization completed in 556 ms
2026-04-07 09:35:58.152  INFO 1396 --- [main] o.s.b.a.w.s.WelcomePageHandlerMapping    : Adding welcome page template: index
2026-04-07 09:35:58.272  INFO 1396 --- [main] o.s.b.w.embedded.tomcat.TomcatWebServer  : Tomcat started on port(s): 9876 (http) with context path ''
2026-04-07 09:35:58.280  INFO 1396 --- [main] com.example.demo.FrontBusApplication     : Started FrontBusApplication in 0.936 seconds (JVM running for 1.272)
2026-04-07 09:36:07.303  INFO 1396 --- [RMI TCP Connection(7)-127.0.0.1] inMXBeanRegistrar$SpringApplicationAdmin : Application shutdown requested.
2026-04-07 09:36:10.729  INFO 10872 --- [main] com.example.demo.FrontBusApplication     : Starting FrontBusApplication using Java 17.0.4.1 on Windows10-2025 with PID 10872 (C:\Users\usuario\Desktop\prueba_solemne1\front-plato\target\classes started by usuario in C:\Users\usuario\Desktop\prueba_solemne1\front-plato)
2026-04-07 09:36:10.732  INFO 10872 --- [main] com.example.demo.FrontBusApplication     : No active profile set, falling back to default profiles: default
2026-04-07 09:36:11.319  INFO 10872 --- [main] o.s.b.w.embedded.tomcat.TomcatWebServer  : Tomcat initialized with port(s): 9876 (http)
2026-04-07 09:36:11.327  INFO 10872 --- [main] o.apache.catalina.core.StandardService   : Starting service [Tomcat]
2026-04-07 09:36:11.327  INFO 10872 --- [main] org.apache.catalina.core.StandardEngine  : Starting Servlet engine: [Apache Tomcat/9.0.56]
2026-04-07 09:36:11.387  INFO 10872 --- [main] o.a.c.c.C.[Tomcat].[localhost].[/]       : Initializing Spring embedded WebApplicationContext
2026-04-07 09:36:11.387  INFO 10872 --- [main] w.s.c.ServletWebServerApplicationContext : Root WebApplicationContext: initialization completed in 618 ms
2026-04-07 09:36:11.576  INFO 10872 --- [main] o.s.b.a.w.s.WelcomePageHandlerMapping    : Adding welcome page template: index
2026-04-07 09:36:11.701  INFO 10872 --- [main] o.s.b.w.embedded.tomcat.TomcatWebServer  : Tomcat started on port(s): 9876 (http) with context path ''
2026-04-07 09:36:11.708  INFO 10872 --- [main] com.example.demo.FrontBusApplication     : Started FrontBusApplication in 0.937 seconds (JVM running for 1.29)
2026-04-07 09:36:17.099  INFO 10872 --- [http-nio-9876-exec-1] o.a.c.c.C.[Tomcat].[localhost].[/]       : Initializing Spring DispatcherServlet 'dispatcherServlet'
2026-04-07 09:36:17.100  INFO 10872 --- [http-nio-9876-exec-1] o.s.web.servlet.DispatcherServlet        : Initializing Servlet 'dispatcherServlet'
2026-04-07 09:36:17.102  INFO 10872 --- [http-nio-9876-exec-1] o.s.web.servlet.DispatcherServlet        : Completed initialization in 2 ms
2026-04-07 09:36:19.214 ERROR 10872 --- [http-nio-9876-exec-2] org.thymeleaf.TemplateEngine             : [THYMELEAF][http-nio-9876-exec-2] Exception processing template "formulario": Error during execution of processor 'org.thymeleaf.spring5.processor.SpringInputGeneralFieldTagProcessor' (template: "formulario" - line 37, col 53)

org.thymeleaf.exceptions.TemplateProcessingException: Error during execution of processor 'org.thymeleaf.spring5.processor.SpringInputGeneralFieldTagProcessor' (template: "formulario" - line 37, col 53)
	at org.thymeleaf.processor.element.AbstractAttributeTagProcessor.doProcess(AbstractAttributeTagProcessor.java:117) ~[thymeleaf-3.0.14.RELEASE.jar:3.0.14.RELEASE]
	at org.thymeleaf.processor.element.AbstractElementTagProcessor.process(AbstractElementTagProcessor.java:95) ~[thymeleaf-3.0.14.RELEASE.jar:3.0.14.RELEASE]
	at org.thymeleaf.util.ProcessorConfigurationUtils$ElementTagProcessorWrapper.process(ProcessorConfigurationUtils.java:633) ~[thymeleaf-3.0.14.RELEASE.jar:3.0.14.RELEASE]
	at org.thymeleaf.engine.ProcessorTemplateHandler.handleStandaloneElement(ProcessorTemplateHandler.java:918) ~[thymeleaf-3.0.14.RELEASE.jar:3.0.14.RELEASE]
	at org.thymeleaf.engine.StandaloneElementTag.beHandled(StandaloneElementTag.java:228) ~[thymeleaf-3.0.14.RELEASE.jar:3.0.14.RELEASE]
	at org.thymeleaf.engine.TemplateModel.process(TemplateModel.java:136) ~[thymeleaf-3.0.14.RELEASE.jar:3.0.14.RELEASE]
	at org.thymeleaf.engine.TemplateManager.parseAndProcess(TemplateManager.java:661) ~[thymeleaf-3.0.14.RELEASE.jar:3.0.14.RELEASE]
	at org.thymeleaf.TemplateEngine.process(TemplateEngine.java:1098) ~[thymeleaf-3.0.14.RELEASE.jar:3.0.14.RELEASE]
	at org.thymeleaf.TemplateEngine.process(TemplateEngine.java:1072) ~[thymeleaf-3.0.14.RELEASE.jar:3.0.14.RELEASE]
	at org.thymeleaf.spring5.view.ThymeleafView.renderFragment(ThymeleafView.java:366) ~[thymeleaf-spring5-3.0.14.RELEASE.jar:3.0.14.RELEASE]
	at org.thymeleaf.spring5.view.ThymeleafView.render(ThymeleafView.java:190) ~[thymeleaf-spring5-3.0.14.RELEASE.jar:3.0.14.RELEASE]
	at org.springframework.web.servlet.DispatcherServlet.render(DispatcherServlet.java:1401) ~[spring-webmvc-5.3.15.jar:5.3.15]
	at org.springframework.web.servlet.DispatcherServlet.processDispatchResult(DispatcherServlet.java:1145) ~[spring-webmvc-5.3.15.jar:5.3.15]
	at org.springframework.web.servlet.DispatcherServlet.doDispatch(DispatcherServlet.java:1084) ~[spring-webmvc-5.3.15.jar:5.3.15]
	at org.springframework.web.servlet.DispatcherServlet.doService(DispatcherServlet.java:963) ~[spring-webmvc-5.3.15.jar:5.3.15]
	at org.springframework.web.servlet.FrameworkServlet.processRequest(FrameworkServlet.java:1006) ~[spring-webmvc-5.3.15.jar:5.3.15]
	at org.springframework.web.servlet.FrameworkServlet.doGet(FrameworkServlet.java:898) ~[spring-webmvc-5.3.15.jar:5.3.15]
	at javax.servlet.http.HttpServlet.service(HttpServlet.java:655) ~[tomcat-embed-core-9.0.56.jar:4.0.FR]
	at org.springframework.web.servlet.FrameworkServlet.service(FrameworkServlet.java:883) ~[spring-webmvc-5.3.15.jar:5.3.15]
	at javax.servlet.http.HttpServlet.service(HttpServlet.java:764) ~[tomcat-embed-core-9.0.56.jar:4.0.FR]
	at org.apache.catalina.core.ApplicationFilterChain.internalDoFilter(ApplicationFilterChain.java:227) ~[tomcat-embed-core-9.0.56.jar:9.0.56]
	at org.apache.catalina.core.ApplicationFilterChain.doFilter(ApplicationFilterChain.java:162) ~[tomcat-embed-core-9.0.56.jar:9.0.56]
	at org.apache.tomcat.websocket.server.WsFilter.doFilter(WsFilter.java:53) ~[tomcat-embed-websocket-9.0.56.jar:9.0.56]
	at org.apache.catalina.core.ApplicationFilterChain.internalDoFilter(ApplicationFilterChain.java:189) ~[tomcat-embed-core-9.0.56.jar:9.0.56]
	at org.apache.catalina.core.ApplicationFilterChain.doFilter(ApplicationFilterChain.java:162) ~[tomcat-embed-core-9.0.56.jar:9.0.56]
	at org.springframework.web.filter.RequestContextFilter.doFilterInternal(RequestContextFilter.java:100) ~[spring-web-5.3.15.jar:5.3.15]
	at org.springframework.web.filter.OncePerRequestFilter.doFilter(OncePerRequestFilter.java:117) ~[spring-web-5.3.15.jar:5.3.15]
	at org.apache.catalina.core.ApplicationFilterChain.internalDoFilter(ApplicationFilterChain.java:189) ~[tomcat-embed-core-9.0.56.jar:9.0.56]
	at org.apache.catalina.core.ApplicationFilterChain.doFilter(ApplicationFilterChain.java:162) ~[tomcat-embed-core-9.0.56.jar:9.0.56]
	at org.springframework.web.filter.FormContentFilter.doFilterInternal(FormContentFilter.java:93) ~[spring-web-5.3.15.jar:5.3.15]
	at org.springframework.web.filter.OncePerRequestFilter.doFilter(OncePerRequestFilter.java:117) ~[spring-web-5.3.15.jar:5.3.15]
	at org.apache.catalina.core.ApplicationFilterChain.internalDoFilter(ApplicationFilterChain.java:189) ~[tomcat-embed-core-9.0.56.jar:9.0.56]
	at org.apache.catalina.core.ApplicationFilterChain.doFilter(ApplicationFilterChain.java:162) ~[tomcat-embed-core-9.0.56.jar:9.0.56]
	at org.springframework.web.filter.HiddenHttpMethodFilter.doFilterInternal(HiddenHttpMethodFilter.java:94) ~[spring-web-5.3.15.jar:5.3.15]
	at org.springframework.web.filter.OncePerRequestFilter.doFilter(OncePerRequestFilter.java:117) ~[spring-web-5.3.15.jar:5.3.15]
	at org.apache.catalina.core.ApplicationFilterChain.internalDoFilter(ApplicationFilterChain.java:189) ~[tomcat-embed-core-9.0.56.jar:9.0.56]
	at org.apache.catalina.core.ApplicationFilterChain.doFilter(ApplicationFilterChain.java:162) ~[tomcat-embed-core-9.0.56.jar:9.0.56]
	at org.springframework.web.filter.CharacterEncodingFilter.doFilterInternal(CharacterEncodingFilter.java:201) ~[spring-web-5.3.15.jar:5.3.15]
	at org.springframework.web.filter.OncePerRequestFilter.doFilter(OncePerRequestFilter.java:117) ~[spring-web-5.3.15.jar:5.3.15]
	at org.apache.catalina.core.ApplicationFilterChain.internalDoFilter(ApplicationFilterChain.java:189) ~[tomcat-embed-core-9.0.56.jar:9.0.56]
	at org.apache.catalina.core.ApplicationFilterChain.doFilter(ApplicationFilterChain.java:162) ~[tomcat-embed-core-9.0.56.jar:9.0.56]
	at org.apache.catalina.core.StandardWrapperValve.invoke(StandardWrapperValve.java:197) ~[tomcat-embed-core-9.0.56.jar:9.0.56]
	at org.apache.catalina.core.StandardContextValve.invoke(StandardContextValve.java:97) ~[tomcat-embed-core-9.0.56.jar:9.0.56]
	at org.apache.catalina.authenticator.AuthenticatorBase.invoke(AuthenticatorBase.java:540) ~[tomcat-embed-core-9.0.56.jar:9.0.56]
	at org.apache.catalina.core.StandardHostValve.invoke(StandardHostValve.java:135) ~[tomcat-embed-core-9.0.56.jar:9.0.56]
	at org.apache.catalina.valves.ErrorReportValve.invoke(ErrorReportValve.java:92) ~[tomcat-embed-core-9.0.56.jar:9.0.56]
	at org.apache.catalina.core.StandardEngineValve.invoke(StandardEngineValve.java:78) ~[tomcat-embed-core-9.0.56.jar:9.0.56]
	at org.apache.catalina.connector.CoyoteAdapter.service(CoyoteAdapter.java:357) ~[tomcat-embed-core-9.0.56.jar:9.0.56]
	at org.apache.coyote.http11.Http11Processor.service(Http11Processor.java:382) ~[tomcat-embed-core-9.0.56.jar:9.0.56]
	at org.apache.coyote.AbstractProcessorLight.process(AbstractProcessorLight.java:65) ~[tomcat-embed-core-9.0.56.jar:9.0.56]
	at org.apache.coyote.AbstractProtocol$ConnectionHandler.process(AbstractProtocol.java:895) ~[tomcat-embed-core-9.0.56.jar:9.0.56]
	at org.apache.tomcat.util.net.NioEndpoint$SocketProcessor.doRun(NioEndpoint.java:1732) ~[tomcat-embed-core-9.0.56.jar:9.0.56]
	at org.apache.tomcat.util.net.SocketProcessorBase.run(SocketProcessorBase.java:49) ~[tomcat-embed-core-9.0.56.jar:9.0.56]
	at org.apache.tomcat.util.threads.ThreadPoolExecutor.runWorker(ThreadPoolExecutor.java:1191) ~[tomcat-embed-core-9.0.56.jar:9.0.56]
	at org.apache.tomcat.util.threads.ThreadPoolExecutor$Worker.run(ThreadPoolExecutor.java:659) ~[tomcat-embed-core-9.0.56.jar:9.0.56]
	at org.apache.tomcat.util.threads.TaskThread$WrappingRunnable.run(TaskThread.java:61) ~[tomcat-embed-core-9.0.56.jar:9.0.56]
	at java.base/java.lang.Thread.run(Thread.java:833) ~[na:na]
Caused by: org.springframework.beans.NotReadablePropertyException: Invalid property 'revision' of bean class [com.example.demo.entity.BusEntity]: Bean property 'revision' is not readable or has an invalid getter method: Does the return type of the getter match the parameter type of the setter?
	at org.springframework.beans.AbstractNestablePropertyAccessor.getPropertyValue(AbstractNestablePropertyAccessor.java:627) ~[spring-beans-5.3.15.jar:5.3.15]
	at org.springframework.beans.AbstractNestablePropertyAccessor.getPropertyValue(AbstractNestablePropertyAccessor.java:617) ~[spring-beans-5.3.15.jar:5.3.15]
	at org.springframework.validation.AbstractPropertyBindingResult.getActualFieldValue(AbstractPropertyBindingResult.java:104) ~[spring-context-5.3.15.jar:5.3.15]
	at org.springframework.validation.AbstractBindingResult.getFieldValue(AbstractBindingResult.java:228) ~[spring-context-5.3.15.jar:5.3.15]
	at org.springframework.web.servlet.support.BindStatus.<init>(BindStatus.java:129) ~[spring-webmvc-5.3.15.jar:5.3.15]
	at org.springframework.web.servlet.support.RequestContext.getBindStatus(RequestContext.java:903) ~[spring-webmvc-5.3.15.jar:5.3.15]
	at org.thymeleaf.spring5.context.webmvc.SpringWebMvcThymeleafRequestContext.getBindStatus(SpringWebMvcThymeleafRequestContext.java:227) ~[thymeleaf-spring5-3.0.14.RELEASE.jar:3.0.14.RELEASE]
	at org.thymeleaf.spring5.util.FieldUtils.getBindStatusFromParsedExpression(FieldUtils.java:306) ~[thymeleaf-spring5-3.0.14.RELEASE.jar:3.0.14.RELEASE]
	at org.thymeleaf.spring5.util.FieldUtils.getBindStatus(FieldUtils.java:253) ~[thymeleaf-spring5-3.0.14.RELEASE.jar:3.0.14.RELEASE]
	at org.thymeleaf.spring5.util.FieldUtils.getBindStatus(FieldUtils.java:227) ~[thymeleaf-spring5-3.0.14.RELEASE.jar:3.0.14.RELEASE]
	at org.thymeleaf.spring5.processor.AbstractSpringFieldTagProcessor.doProcess(AbstractSpringFieldTagProcessor.java:174) ~[thymeleaf-spring5-3.0.14.RELEASE.jar:3.0.14.RELEASE]
	at org.thymeleaf.processor.element.AbstractAttributeTagProcessor.doProcess(AbstractAttributeTagProcessor.java:74) ~[thymeleaf-3.0.14.RELEASE.jar:3.0.14.RELEASE]
	... 56 common frames omitted

2026-04-07 09:36:19.215 ERROR 10872 --- [http-nio-9876-exec-2] o.a.c.c.C.[.[.[/].[dispatcherServlet]    : Servlet.service() for servlet [dispatcherServlet] in context with path [] threw exception [Request processing failed; nested exception is org.thymeleaf.exceptions.TemplateProcessingException: Error during execution of processor 'org.thymeleaf.spring5.processor.SpringInputGeneralFieldTagProcessor' (template: "formulario" - line 37, col 53)] with root cause

org.springframework.beans.NotReadablePropertyException: Invalid property 'revision' of bean class [com.example.demo.entity.BusEntity]: Bean property 'revision' is not readable or has an invalid getter method: Does the return type of the getter match the parameter type of the setter?
	at org.springframework.beans.AbstractNestablePropertyAccessor.getPropertyValue(AbstractNestablePropertyAccessor.java:627) ~[spring-beans-5.3.15.jar:5.3.15]
	at org.springframework.beans.AbstractNestablePropertyAccessor.getPropertyValue(AbstractNestablePropertyAccessor.java:617) ~[spring-beans-5.3.15.jar:5.3.15]
	at org.springframework.validation.AbstractPropertyBindingResult.getActualFieldValue(AbstractPropertyBindingResult.java:104) ~[spring-context-5.3.15.jar:5.3.15]
	at org.springframework.validation.AbstractBindingResult.getFieldValue(AbstractBindingResult.java:228) ~[spring-context-5.3.15.jar:5.3.15]
	at org.springframework.web.servlet.support.BindStatus.<init>(BindStatus.java:129) ~[spring-webmvc-5.3.15.jar:5.3.15]
	at org.springframework.web.servlet.support.RequestContext.getBindStatus(RequestContext.java:903) ~[spring-webmvc-5.3.15.jar:5.3.15]
	at org.thymeleaf.spring5.context.webmvc.SpringWebMvcThymeleafRequestContext.getBindStatus(SpringWebMvcThymeleafRequestContext.java:227) ~[thymeleaf-spring5-3.0.14.RELEASE.jar:3.0.14.RELEASE]
	at org.thymeleaf.spring5.util.FieldUtils.getBindStatusFromParsedExpression(FieldUtils.java:306) ~[thymeleaf-spring5-3.0.14.RELEASE.jar:3.0.14.RELEASE]
	at org.thymeleaf.spring5.util.FieldUtils.getBindStatus(FieldUtils.java:253) ~[thymeleaf-spring5-3.0.14.RELEASE.jar:3.0.14.RELEASE]
	at org.thymeleaf.spring5.util.FieldUtils.getBindStatus(FieldUtils.java:227) ~[thymeleaf-spring5-3.0.14.RELEASE.jar:3.0.14.RELEASE]
	at org.thymeleaf.spring5.processor.AbstractSpringFieldTagProcessor.doProcess(AbstractSpringFieldTagProcessor.java:174) ~[thymeleaf-spring5-3.0.14.RELEASE.jar:3.0.14.RELEASE]
	at org.thymeleaf.processor.element.AbstractAttributeTagProcessor.doProcess(AbstractAttributeTagProcessor.java:74) ~[thymeleaf-3.0.14.RELEASE.jar:3.0.14.RELEASE]
	at org.thymeleaf.processor.element.AbstractElementTagProcessor.process(AbstractElementTagProcessor.java:95) ~[thymeleaf-3.0.14.RELEASE.jar:3.0.14.RELEASE]
	at org.thymeleaf.util.ProcessorConfigurationUtils$ElementTagProcessorWrapper.process(ProcessorConfigurationUtils.java:633) ~[thymeleaf-3.0.14.RELEASE.jar:3.0.14.RELEASE]
	at org.thymeleaf.engine.ProcessorTemplateHandler.handleStandaloneElement(ProcessorTemplateHandler.java:918) ~[thymeleaf-3.0.14.RELEASE.jar:3.0.14.RELEASE]
	at org.thymeleaf.engine.StandaloneElementTag.beHandled(StandaloneElementTag.java:228) ~[thymeleaf-3.0.14.RELEASE.jar:3.0.14.RELEASE]
	at org.thymeleaf.engine.TemplateModel.process(TemplateModel.java:136) ~[thymeleaf-3.0.14.RELEASE.jar:3.0.14.RELEASE]
	at org.thymeleaf.engine.TemplateManager.parseAndProcess(TemplateManager.java:661) ~[thymeleaf-3.0.14.RELEASE.jar:3.0.14.RELEASE]
	at org.thymeleaf.TemplateEngine.process(TemplateEngine.java:1098) ~[thymeleaf-3.0.14.RELEASE.jar:3.0.14.RELEASE]
	at org.thymeleaf.TemplateEngine.process(TemplateEngine.java:1072) ~[thymeleaf-3.0.14.RELEASE.jar:3.0.14.RELEASE]
	at org.thymeleaf.spring5.view.ThymeleafView.renderFragment(ThymeleafView.java:366) ~[thymeleaf-spring5-3.0.14.RELEASE.jar:3.0.14.RELEASE]
	at org.thymeleaf.spring5.view.ThymeleafView.render(ThymeleafView.java:190) ~[thymeleaf-spring5-3.0.14.RELEASE.jar:3.0.14.RELEASE]
	at org.springframework.web.servlet.DispatcherServlet.render(DispatcherServlet.java:1401) ~[spring-webmvc-5.3.15.jar:5.3.15]
	at org.springframework.web.servlet.DispatcherServlet.processDispatchResult(DispatcherServlet.java:1145) ~[spring-webmvc-5.3.15.jar:5.3.15]
	at org.springframework.web.servlet.DispatcherServlet.doDispatch(DispatcherServlet.java:1084) ~[spring-webmvc-5.3.15.jar:5.3.15]
	at org.springframework.web.servlet.DispatcherServlet.doService(DispatcherServlet.java:963) ~[spring-webmvc-5.3.15.jar:5.3.15]
	at org.springframework.web.servlet.FrameworkServlet.processRequest(FrameworkServlet.java:1006) ~[spring-webmvc-5.3.15.jar:5.3.15]
	at org.springframework.web.servlet.FrameworkServlet.doGet(FrameworkServlet.java:898) ~[spring-webmvc-5.3.15.jar:5.3.15]
	at javax.servlet.http.HttpServlet.service(HttpServlet.java:655) ~[tomcat-embed-core-9.0.56.jar:4.0.FR]
	at org.springframework.web.servlet.FrameworkServlet.service(FrameworkServlet.java:883) ~[spring-webmvc-5.3.15.jar:5.3.15]
	at javax.servlet.http.HttpServlet.service(HttpServlet.java:764) ~[tomcat-embed-core-9.0.56.jar:4.0.FR]
	at org.apache.catalina.core.ApplicationFilterChain.internalDoFilter(ApplicationFilterChain.java:227) ~[tomcat-embed-core-9.0.56.jar:9.0.56]
	at org.apache.catalina.core.ApplicationFilterChain.doFilter(ApplicationFilterChain.java:162) ~[tomcat-embed-core-9.0.56.jar:9.0.56]
	at org.apache.tomcat.websocket.server.WsFilter.doFilter(WsFilter.java:53) ~[tomcat-embed-websocket-9.0.56.jar:9.0.56]
	at org.apache.catalina.core.ApplicationFilterChain.internalDoFilter(ApplicationFilterChain.java:189) ~[tomcat-embed-core-9.0.56.jar:9.0.56]
	at org.apache.catalina.core.ApplicationFilterChain.doFilter(ApplicationFilterChain.java:162) ~[tomcat-embed-core-9.0.56.jar:9.0.56]
	at org.springframework.web.filter.RequestContextFilter.doFilterInternal(RequestContextFilter.java:100) ~[spring-web-5.3.15.jar:5.3.15]
	at org.springframework.web.filter.OncePerRequestFilter.doFilter(OncePerRequestFilter.java:117) ~[spring-web-5.3.15.jar:5.3.15]
	at org.apache.catalina.core.ApplicationFilterChain.internalDoFilter(ApplicationFilterChain.java:189) ~[tomcat-embed-core-9.0.56.jar:9.0.56]
	at org.apache.catalina.core.ApplicationFilterChain.doFilter(ApplicationFilterChain.java:162) ~[tomcat-embed-core-9.0.56.jar:9.0.56]
	at org.springframework.web.filter.FormContentFilter.doFilterInternal(FormContentFilter.java:93) ~[spring-web-5.3.15.jar:5.3.15]
	at org.springframework.web.filter.OncePerRequestFilter.doFilter(OncePerRequestFilter.java:117) ~[spring-web-5.3.15.jar:5.3.15]
	at org.apache.catalina.core.ApplicationFilterChain.internalDoFilter(ApplicationFilterChain.java:189) ~[tomcat-embed-core-9.0.56.jar:9.0.56]
	at org.apache.catalina.core.ApplicationFilterChain.doFilter(ApplicationFilterChain.java:162) ~[tomcat-embed-core-9.0.56.jar:9.0.56]
	at org.springframework.web.filter.HiddenHttpMethodFilter.doFilterInternal(HiddenHttpMethodFilter.java:94) ~[spring-web-5.3.15.jar:5.3.15]
	at org.springframework.web.filter.OncePerRequestFilter.doFilter(OncePerRequestFilter.java:117) ~[spring-web-5.3.15.jar:5.3.15]
	at org.apache.catalina.core.ApplicationFilterChain.internalDoFilter(ApplicationFilterChain.java:189) ~[tomcat-embed-core-9.0.56.jar:9.0.56]
	at org.apache.catalina.core.ApplicationFilterChain.doFilter(ApplicationFilterChain.java:162) ~[tomcat-embed-core-9.0.56.jar:9.0.56]
	at org.springframework.web.filter.CharacterEncodingFilter.doFilterInternal(CharacterEncodingFilter.java:201) ~[spring-web-5.3.15.jar:5.3.15]
	at org.springframework.web.filter.OncePerRequestFilter.doFilter(OncePerRequestFilter.java:117) ~[spring-web-5.3.15.jar:5.3.15]
	at org.apache.catalina.core.ApplicationFilterChain.internalDoFilter(ApplicationFilterChain.java:189) ~[tomcat-embed-core-9.0.56.jar:9.0.56]
	at org.apache.catalina.core.ApplicationFilterChain.doFilter(ApplicationFilterChain.java:162) ~[tomcat-embed-core-9.0.56.jar:9.0.56]
	at org.apache.catalina.core.StandardWrapperValve.invoke(StandardWrapperValve.java:197) ~[tomcat-embed-core-9.0.56.jar:9.0.56]
	at org.apache.catalina.core.StandardContextValve.invoke(StandardContextValve.java:97) ~[tomcat-embed-core-9.0.56.jar:9.0.56]
	at org.apache.catalina.authenticator.AuthenticatorBase.invoke(AuthenticatorBase.java:540) ~[tomcat-embed-core-9.0.56.jar:9.0.56]
	at org.apache.catalina.core.StandardHostValve.invoke(StandardHostValve.java:135) ~[tomcat-embed-core-9.0.56.jar:9.0.56]
	at org.apache.catalina.valves.ErrorReportValve.invoke(ErrorReportValve.java:92) ~[tomcat-embed-core-9.0.56.jar:9.0.56]
	at org.apache.catalina.core.StandardEngineValve.invoke(StandardEngineValve.java:78) ~[tomcat-embed-core-9.0.56.jar:9.0.56]
	at org.apache.catalina.connector.CoyoteAdapter.service(CoyoteAdapter.java:357) ~[tomcat-embed-core-9.0.56.jar:9.0.56]
	at org.apache.coyote.http11.Http11Processor.service(Http11Processor.java:382) ~[tomcat-embed-core-9.0.56.jar:9.0.56]
	at org.apache.coyote.AbstractProcessorLight.process(AbstractProcessorLight.java:65) ~[tomcat-embed-core-9.0.56.jar:9.0.56]
	at org.apache.coyote.AbstractProtocol$ConnectionHandler.process(AbstractProtocol.java:895) ~[tomcat-embed-core-9.0.56.jar:9.0.56]
	at org.apache.tomcat.util.net.NioEndpoint$SocketProcessor.doRun(NioEndpoint.java:1732) ~[tomcat-embed-core-9.0.56.jar:9.0.56]
	at org.apache.tomcat.util.net.SocketProcessorBase.run(SocketProcessorBase.java:49) ~[tomcat-embed-core-9.0.56.jar:9.0.56]
	at org.apache.tomcat.util.threads.ThreadPoolExecutor.runWorker(ThreadPoolExecutor.java:1191) ~[tomcat-embed-core-9.0.56.jar:9.0.56]
	at org.apache.tomcat.util.threads.ThreadPoolExecutor$Worker.run(ThreadPoolExecutor.java:659) ~[tomcat-embed-core-9.0.56.jar:9.0.56]
	at org.apache.tomcat.util.threads.TaskThread$WrappingRunnable.run(TaskThread.java:61) ~[tomcat-embed-core-9.0.56.jar:9.0.56]
	at java.base/java.lang.Thread.run(Thread.java:833) ~[na:na]

2026-04-07 09:36:26.349 ERROR 10872 --- [http-nio-9876-exec-3] org.thymeleaf.TemplateEngine             : [THYMELEAF][http-nio-9876-exec-3] Exception processing template "formulario": Error during execution of processor 'org.thymeleaf.spring5.processor.SpringInputGeneralFieldTagProcessor' (template: "formulario" - line 37, col 53)

org.thymeleaf.exceptions.TemplateProcessingException: Error during execution of processor 'org.thymeleaf.spring5.processor.SpringInputGeneralFieldTagProcessor' (template: "formulario" - line 37, col 53)
	at org.thymeleaf.processor.element.AbstractAttributeTagProcessor.doProcess(AbstractAttributeTagProcessor.java:117) ~[thymeleaf-3.0.14.RELEASE.jar:3.0.14.RELEASE]
	at org.thymeleaf.processor.element.AbstractElementTagProcessor.process(AbstractElementTagProcessor.java:95) ~[thymeleaf-3.0.14.RELEASE.jar:3.0.14.RELEASE]
	at org.thymeleaf.util.ProcessorConfigurationUtils$ElementTagProcessorWrapper.process(ProcessorConfigurationUtils.java:633) ~[thymeleaf-3.0.14.RELEASE.jar:3.0.14.RELEASE]
	at org.thymeleaf.engine.ProcessorTemplateHandler.handleStandaloneElement(ProcessorTemplateHandler.java:918) ~[thymeleaf-3.0.14.RELEASE.jar:3.0.14.RELEASE]
	at org.thymeleaf.engine.StandaloneElementTag.beHandled(StandaloneElementTag.java:228) ~[thymeleaf-3.0.14.RELEASE.jar:3.0.14.RELEASE]
	at org.thymeleaf.engine.TemplateModel.process(TemplateModel.java:136) ~[thymeleaf-3.0.14.RELEASE.jar:3.0.14.RELEASE]
	at org.thymeleaf.engine.TemplateManager.parseAndProcess(TemplateManager.java:592) ~[thymeleaf-3.0.14.RELEASE.jar:3.0.14.RELEASE]
	at org.thymeleaf.TemplateEngine.process(TemplateEngine.java:1098) ~[thymeleaf-3.0.14.RELEASE.jar:3.0.14.RELEASE]
	at org.thymeleaf.TemplateEngine.process(TemplateEngine.java:1072) ~[thymeleaf-3.0.14.RELEASE.jar:3.0.14.RELEASE]
	at org.thymeleaf.spring5.view.ThymeleafView.renderFragment(ThymeleafView.java:366) ~[thymeleaf-spring5-3.0.14.RELEASE.jar:3.0.14.RELEASE]
	at org.thymeleaf.spring5.view.ThymeleafView.render(ThymeleafView.java:190) ~[thymeleaf-spring5-3.0.14.RELEASE.jar:3.0.14.RELEASE]
	at org.springframework.web.servlet.DispatcherServlet.render(DispatcherServlet.java:1401) ~[spring-webmvc-5.3.15.jar:5.3.15]
	at org.springframework.web.servlet.DispatcherServlet.processDispatchResult(DispatcherServlet.java:1145) ~[spring-webmvc-5.3.15.jar:5.3.15]
	at org.springframework.web.servlet.DispatcherServlet.doDispatch(DispatcherServlet.java:1084) ~[spring-webmvc-5.3.15.jar:5.3.15]
	at org.springframework.web.servlet.DispatcherServlet.doService(DispatcherServlet.java:963) ~[spring-webmvc-5.3.15.jar:5.3.15]
	at org.springframework.web.servlet.FrameworkServlet.processRequest(FrameworkServlet.java:1006) ~[spring-webmvc-5.3.15.jar:5.3.15]
	at org.springframework.web.servlet.FrameworkServlet.doGet(FrameworkServlet.java:898) ~[spring-webmvc-5.3.15.jar:5.3.15]
	at javax.servlet.http.HttpServlet.service(HttpServlet.java:655) ~[tomcat-embed-core-9.0.56.jar:4.0.FR]
	at org.springframework.web.servlet.FrameworkServlet.service(FrameworkServlet.java:883) ~[spring-webmvc-5.3.15.jar:5.3.15]
	at javax.servlet.http.HttpServlet.service(HttpServlet.java:764) ~[tomcat-embed-core-9.0.56.jar:4.0.FR]
	at org.apache.catalina.core.ApplicationFilterChain.internalDoFilter(ApplicationFilterChain.java:227) ~[tomcat-embed-core-9.0.56.jar:9.0.56]
	at org.apache.catalina.core.ApplicationFilterChain.doFilter(ApplicationFilterChain.java:162) ~[tomcat-embed-core-9.0.56.jar:9.0.56]
	at org.apache.tomcat.websocket.server.WsFilter.doFilter(WsFilter.java:53) ~[tomcat-embed-websocket-9.0.56.jar:9.0.56]
	at org.apache.catalina.core.ApplicationFilterChain.internalDoFilter(ApplicationFilterChain.java:189) ~[tomcat-embed-core-9.0.56.jar:9.0.56]
	at org.apache.catalina.core.ApplicationFilterChain.doFilter(ApplicationFilterChain.java:162) ~[tomcat-embed-core-9.0.56.jar:9.0.56]
	at org.springframework.web.filter.RequestContextFilter.doFilterInternal(RequestContextFilter.java:100) ~[spring-web-5.3.15.jar:5.3.15]
	at org.springframework.web.filter.OncePerRequestFilter.doFilter(OncePerRequestFilter.java:117) ~[spring-web-5.3.15.jar:5.3.15]
	at org.apache.catalina.core.ApplicationFilterChain.internalDoFilter(ApplicationFilterChain.java:189) ~[tomcat-embed-core-9.0.56.jar:9.0.56]
	at org.apache.catalina.core.ApplicationFilterChain.doFilter(ApplicationFilterChain.java:162) ~[tomcat-embed-core-9.0.56.jar:9.0.56]
	at org.springframework.web.filter.FormContentFilter.doFilterInternal(FormContentFilter.java:93) ~[spring-web-5.3.15.jar:5.3.15]
	at org.springframework.web.filter.OncePerRequestFilter.doFilter(OncePerRequestFilter.java:117) ~[spring-web-5.3.15.jar:5.3.15]
	at org.apache.catalina.core.ApplicationFilterChain.internalDoFilter(ApplicationFilterChain.java:189) ~[tomcat-embed-core-9.0.56.jar:9.0.56]
	at org.apache.catalina.core.ApplicationFilterChain.doFilter(ApplicationFilterChain.java:162) ~[tomcat-embed-core-9.0.56.jar:9.0.56]
	at org.springframework.web.filter.HiddenHttpMethodFilter.doFilterInternal(HiddenHttpMethodFilter.java:94) ~[spring-web-5.3.15.jar:5.3.15]
	at org.springframework.web.filter.OncePerRequestFilter.doFilter(OncePerRequestFilter.java:117) ~[spring-web-5.3.15.jar:5.3.15]
	at org.apache.catalina.core.ApplicationFilterChain.internalDoFilter(ApplicationFilterChain.java:189) ~[tomcat-embed-core-9.0.56.jar:9.0.56]
	at org.apache.catalina.core.ApplicationFilterChain.doFilter(ApplicationFilterChain.java:162) ~[tomcat-embed-core-9.0.56.jar:9.0.56]
	at org.springframework.web.filter.CharacterEncodingFilter.doFilterInternal(CharacterEncodingFilter.java:201) ~[spring-web-5.3.15.jar:5.3.15]
	at org.springframework.web.filter.OncePerRequestFilter.doFilter(OncePerRequestFilter.java:117) ~[spring-web-5.3.15.jar:5.3.15]
	at org.apache.catalina.core.ApplicationFilterChain.internalDoFilter(ApplicationFilterChain.java:189) ~[tomcat-embed-core-9.0.56.jar:9.0.56]
	at org.apache.catalina.core.ApplicationFilterChain.doFilter(ApplicationFilterChain.java:162) ~[tomcat-embed-core-9.0.56.jar:9.0.56]
	at org.apache.catalina.core.StandardWrapperValve.invoke(StandardWrapperValve.java:197) ~[tomcat-embed-core-9.0.56.jar:9.0.56]
	at org.apache.catalina.core.StandardContextValve.invoke(StandardContextValve.java:97) ~[tomcat-embed-core-9.0.56.jar:9.0.56]
	at org.apache.catalina.authenticator.AuthenticatorBase.invoke(AuthenticatorBase.java:540) ~[tomcat-embed-core-9.0.56.jar:9.0.56]
	at org.apache.catalina.core.StandardHostValve.invoke(StandardHostValve.java:135) ~[tomcat-embed-core-9.0.56.jar:9.0.56]
	at org.apache.catalina.valves.ErrorReportValve.invoke(ErrorReportValve.java:92) ~[tomcat-embed-core-9.0.56.jar:9.0.56]
	at org.apache.catalina.core.StandardEngineValve.invoke(StandardEngineValve.java:78) ~[tomcat-embed-core-9.0.56.jar:9.0.56]
	at org.apache.catalina.connector.CoyoteAdapter.service(CoyoteAdapter.java:357) ~[tomcat-embed-core-9.0.56.jar:9.0.56]
	at org.apache.coyote.http11.Http11Processor.service(Http11Processor.java:382) ~[tomcat-embed-core-9.0.56.jar:9.0.56]
	at org.apache.coyote.AbstractProcessorLight.process(AbstractProcessorLight.java:65) ~[tomcat-embed-core-9.0.56.jar:9.0.56]
	at org.apache.coyote.AbstractProtocol$ConnectionHandler.process(AbstractProtocol.java:895) ~[tomcat-embed-core-9.0.56.jar:9.0.56]
	at org.apache.tomcat.util.net.NioEndpoint$SocketProcessor.doRun(NioEndpoint.java:1732) ~[tomcat-embed-core-9.0.56.jar:9.0.56]
	at org.apache.tomcat.util.net.SocketProcessorBase.run(SocketProcessorBase.java:49) ~[tomcat-embed-core-9.0.56.jar:9.0.56]
	at org.apache.tomcat.util.threads.ThreadPoolExecutor.runWorker(ThreadPoolExecutor.java:1191) ~[tomcat-embed-core-9.0.56.jar:9.0.56]
	at org.apache.tomcat.util.threads.ThreadPoolExecutor$Worker.run(ThreadPoolExecutor.java:659) ~[tomcat-embed-core-9.0.56.jar:9.0.56]
	at org.apache.tomcat.util.threads.TaskThread$WrappingRunnable.run(TaskThread.java:61) ~[tomcat-embed-core-9.0.56.jar:9.0.56]
	at java.base/java.lang.Thread.run(Thread.java:833) ~[na:na]
Caused by: org.springframework.beans.NotReadablePropertyException: Invalid property 'revision' of bean class [com.example.demo.entity.BusEntity]: Bean property 'revision' is not readable or has an invalid getter method: Does the return type of the getter match the parameter type of the setter?
	at org.springframework.beans.AbstractNestablePropertyAccessor.getPropertyValue(AbstractNestablePropertyAccessor.java:627) ~[spring-beans-5.3.15.jar:5.3.15]
	at org.springframework.beans.AbstractNestablePropertyAccessor.getPropertyValue(AbstractNestablePropertyAccessor.java:617) ~[spring-beans-5.3.15.jar:5.3.15]
	at org.springframework.validation.AbstractPropertyBindingResult.getActualFieldValue(AbstractPropertyBindingResult.java:104) ~[spring-context-5.3.15.jar:5.3.15]
	at org.springframework.validation.AbstractBindingResult.getFieldValue(AbstractBindingResult.java:228) ~[spring-context-5.3.15.jar:5.3.15]
	at org.springframework.web.servlet.support.BindStatus.<init>(BindStatus.java:129) ~[spring-webmvc-5.3.15.jar:5.3.15]
	at org.springframework.web.servlet.support.RequestContext.getBindStatus(RequestContext.java:903) ~[spring-webmvc-5.3.15.jar:5.3.15]
	at org.thymeleaf.spring5.context.webmvc.SpringWebMvcThymeleafRequestContext.getBindStatus(SpringWebMvcThymeleafRequestContext.java:227) ~[thymeleaf-spring5-3.0.14.RELEASE.jar:3.0.14.RELEASE]
	at org.thymeleaf.spring5.util.FieldUtils.getBindStatusFromParsedExpression(FieldUtils.java:306) ~[thymeleaf-spring5-3.0.14.RELEASE.jar:3.0.14.RELEASE]
	at org.thymeleaf.spring5.util.FieldUtils.getBindStatus(FieldUtils.java:253) ~[thymeleaf-spring5-3.0.14.RELEASE.jar:3.0.14.RELEASE]
	at org.thymeleaf.spring5.util.FieldUtils.getBindStatus(FieldUtils.java:227) ~[thymeleaf-spring5-3.0.14.RELEASE.jar:3.0.14.RELEASE]
	at org.thymeleaf.spring5.processor.AbstractSpringFieldTagProcessor.doProcess(AbstractSpringFieldTagProcessor.java:174) ~[thymeleaf-spring5-3.0.14.RELEASE.jar:3.0.14.RELEASE]
	at org.thymeleaf.processor.element.AbstractAttributeTagProcessor.doProcess(AbstractAttributeTagProcessor.java:74) ~[thymeleaf-3.0.14.RELEASE.jar:3.0.14.RELEASE]
	... 56 common frames omitted

2026-04-07 09:36:26.351 ERROR 10872 --- [http-nio-9876-exec-3] o.a.c.c.C.[.[.[/].[dispatcherServlet]    : Servlet.service() for servlet [dispatcherServlet] in context with path [] threw exception [Request processing failed; nested exception is org.thymeleaf.exceptions.TemplateProcessingException: Error during execution of processor 'org.thymeleaf.spring5.processor.SpringInputGeneralFieldTagProcessor' (template: "formulario" - line 37, col 53)] with root cause

org.springframework.beans.NotReadablePropertyException: Invalid property 'revision' of bean class [com.example.demo.entity.BusEntity]: Bean property 'revision' is not readable or has an invalid getter method: Does the return type of the getter match the parameter type of the setter?
	at org.springframework.beans.AbstractNestablePropertyAccessor.getPropertyValue(AbstractNestablePropertyAccessor.java:627) ~[spring-beans-5.3.15.jar:5.3.15]
	at org.springframework.beans.AbstractNestablePropertyAccessor.getPropertyValue(AbstractNestablePropertyAccessor.java:617) ~[spring-beans-5.3.15.jar:5.3.15]
	at org.springframework.validation.AbstractPropertyBindingResult.getActualFieldValue(AbstractPropertyBindingResult.java:104) ~[spring-context-5.3.15.jar:5.3.15]
	at org.springframework.validation.AbstractBindingResult.getFieldValue(AbstractBindingResult.java:228) ~[spring-context-5.3.15.jar:5.3.15]
	at org.springframework.web.servlet.support.BindStatus.<init>(BindStatus.java:129) ~[spring-webmvc-5.3.15.jar:5.3.15]
	at org.springframework.web.servlet.support.RequestContext.getBindStatus(RequestContext.java:903) ~[spring-webmvc-5.3.15.jar:5.3.15]
	at org.thymeleaf.spring5.context.webmvc.SpringWebMvcThymeleafRequestContext.getBindStatus(SpringWebMvcThymeleafRequestContext.java:227) ~[thymeleaf-spring5-3.0.14.RELEASE.jar:3.0.14.RELEASE]
	at org.thymeleaf.spring5.util.FieldUtils.getBindStatusFromParsedExpression(FieldUtils.java:306) ~[thymeleaf-spring5-3.0.14.RELEASE.jar:3.0.14.RELEASE]
	at org.thymeleaf.spring5.util.FieldUtils.getBindStatus(FieldUtils.java:253) ~[thymeleaf-spring5-3.0.14.RELEASE.jar:3.0.14.RELEASE]
	at org.thymeleaf.spring5.util.FieldUtils.getBindStatus(FieldUtils.java:227) ~[thymeleaf-spring5-3.0.14.RELEASE.jar:3.0.14.RELEASE]
	at org.thymeleaf.spring5.processor.AbstractSpringFieldTagProcessor.doProcess(AbstractSpringFieldTagProcessor.java:174) ~[thymeleaf-spring5-3.0.14.RELEASE.jar:3.0.14.RELEASE]
	at org.thymeleaf.processor.element.AbstractAttributeTagProcessor.doProcess(AbstractAttributeTagProcessor.java:74) ~[thymeleaf-3.0.14.RELEASE.jar:3.0.14.RELEASE]
	at org.thymeleaf.processor.element.AbstractElementTagProcessor.process(AbstractElementTagProcessor.java:95) ~[thymeleaf-3.0.14.RELEASE.jar:3.0.14.RELEASE]
	at org.thymeleaf.util.ProcessorConfigurationUtils$ElementTagProcessorWrapper.process(ProcessorConfigurationUtils.java:633) ~[thymeleaf-3.0.14.RELEASE.jar:3.0.14.RELEASE]
	at org.thymeleaf.engine.ProcessorTemplateHandler.handleStandaloneElement(ProcessorTemplateHandler.java:918) ~[thymeleaf-3.0.14.RELEASE.jar:3.0.14.RELEASE]
	at org.thymeleaf.engine.StandaloneElementTag.beHandled(StandaloneElementTag.java:228) ~[thymeleaf-3.0.14.RELEASE.jar:3.0.14.RELEASE]
	at org.thymeleaf.engine.TemplateModel.process(TemplateModel.java:136) ~[thymeleaf-3.0.14.RELEASE.jar:3.0.14.RELEASE]
	at org.thymeleaf.engine.TemplateManager.parseAndProcess(TemplateManager.java:592) ~[thymeleaf-3.0.14.RELEASE.jar:3.0.14.RELEASE]
	at org.thymeleaf.TemplateEngine.process(TemplateEngine.java:1098) ~[thymeleaf-3.0.14.RELEASE.jar:3.0.14.RELEASE]
	at org.thymeleaf.TemplateEngine.process(TemplateEngine.java:1072) ~[thymeleaf-3.0.14.RELEASE.jar:3.0.14.RELEASE]
	at org.thymeleaf.spring5.view.ThymeleafView.renderFragment(ThymeleafView.java:366) ~[thymeleaf-spring5-3.0.14.RELEASE.jar:3.0.14.RELEASE]
	at org.thymeleaf.spring5.view.ThymeleafView.render(ThymeleafView.java:190) ~[thymeleaf-spring5-3.0.14.RELEASE.jar:3.0.14.RELEASE]
	at org.springframework.web.servlet.DispatcherServlet.render(DispatcherServlet.java:1401) ~[spring-webmvc-5.3.15.jar:5.3.15]
	at org.springframework.web.servlet.DispatcherServlet.processDispatchResult(DispatcherServlet.java:1145) ~[spring-webmvc-5.3.15.jar:5.3.15]
	at org.springframework.web.servlet.DispatcherServlet.doDispatch(DispatcherServlet.java:1084) ~[spring-webmvc-5.3.15.jar:5.3.15]
	at org.springframework.web.servlet.DispatcherServlet.doService(DispatcherServlet.java:963) ~[spring-webmvc-5.3.15.jar:5.3.15]
	at org.springframework.web.servlet.FrameworkServlet.processRequest(FrameworkServlet.java:1006) ~[spring-webmvc-5.3.15.jar:5.3.15]
	at org.springframework.web.servlet.FrameworkServlet.doGet(FrameworkServlet.java:898) ~[spring-webmvc-5.3.15.jar:5.3.15]
	at javax.servlet.http.HttpServlet.service(HttpServlet.java:655) ~[tomcat-embed-core-9.0.56.jar:4.0.FR]
	at org.springframework.web.servlet.FrameworkServlet.service(FrameworkServlet.java:883) ~[spring-webmvc-5.3.15.jar:5.3.15]
	at javax.servlet.http.HttpServlet.service(HttpServlet.java:764) ~[tomcat-embed-core-9.0.56.jar:4.0.FR]
	at org.apache.catalina.core.ApplicationFilterChain.internalDoFilter(ApplicationFilterChain.java:227) ~[tomcat-embed-core-9.0.56.jar:9.0.56]
	at org.apache.catalina.core.ApplicationFilterChain.doFilter(ApplicationFilterChain.java:162) ~[tomcat-embed-core-9.0.56.jar:9.0.56]
	at org.apache.tomcat.websocket.server.WsFilter.doFilter(WsFilter.java:53) ~[tomcat-embed-websocket-9.0.56.jar:9.0.56]
	at org.apache.catalina.core.ApplicationFilterChain.internalDoFilter(ApplicationFilterChain.java:189) ~[tomcat-embed-core-9.0.56.jar:9.0.56]
	at org.apache.catalina.core.ApplicationFilterChain.doFilter(ApplicationFilterChain.java:162) ~[tomcat-embed-core-9.0.56.jar:9.0.56]
	at org.springframework.web.filter.RequestContextFilter.doFilterInternal(RequestContextFilter.java:100) ~[spring-web-5.3.15.jar:5.3.15]
	at org.springframework.web.filter.OncePerRequestFilter.doFilter(OncePerRequestFilter.java:117) ~[spring-web-5.3.15.jar:5.3.15]
	at org.apache.catalina.core.ApplicationFilterChain.internalDoFilter(ApplicationFilterChain.java:189) ~[tomcat-embed-core-9.0.56.jar:9.0.56]
	at org.apache.catalina.core.ApplicationFilterChain.doFilter(ApplicationFilterChain.java:162) ~[tomcat-embed-core-9.0.56.jar:9.0.56]
	at org.springframework.web.filter.FormContentFilter.doFilterInternal(FormContentFilter.java:93) ~[spring-web-5.3.15.jar:5.3.15]
	at org.springframework.web.filter.OncePerRequestFilter.doFilter(OncePerRequestFilter.java:117) ~[spring-web-5.3.15.jar:5.3.15]
	at org.apache.catalina.core.ApplicationFilterChain.internalDoFilter(ApplicationFilterChain.java:189) ~[tomcat-embed-core-9.0.56.jar:9.0.56]
	at org.apache.catalina.core.ApplicationFilterChain.doFilter(ApplicationFilterChain.java:162) ~[tomcat-embed-core-9.0.56.jar:9.0.56]
	at org.springframework.web.filter.HiddenHttpMethodFilter.doFilterInternal(HiddenHttpMethodFilter.java:94) ~[spring-web-5.3.15.jar:5.3.15]
	at org.springframework.web.filter.OncePerRequestFilter.doFilter(OncePerRequestFilter.java:117) ~[spring-web-5.3.15.jar:5.3.15]
	at org.apache.catalina.core.ApplicationFilterChain.internalDoFilter(ApplicationFilterChain.java:189) ~[tomcat-embed-core-9.0.56.jar:9.0.56]
	at org.apache.catalina.core.ApplicationFilterChain.doFilter(ApplicationFilterChain.java:162) ~[tomcat-embed-core-9.0.56.jar:9.0.56]
	at org.springframework.web.filter.CharacterEncodingFilter.doFilterInternal(CharacterEncodingFilter.java:201) ~[spring-web-5.3.15.jar:5.3.15]
	at org.springframework.web.filter.OncePerRequestFilter.doFilter(OncePerRequestFilter.java:117) ~[spring-web-5.3.15.jar:5.3.15]
	at org.apache.catalina.core.ApplicationFilterChain.internalDoFilter(ApplicationFilterChain.java:189) ~[tomcat-embed-core-9.0.56.jar:9.0.56]
	at org.apache.catalina.core.ApplicationFilterChain.doFilter(ApplicationFilterChain.java:162) ~[tomcat-embed-core-9.0.56.jar:9.0.56]
	at org.apache.catalina.core.StandardWrapperValve.invoke(StandardWrapperValve.java:197) ~[tomcat-embed-core-9.0.56.jar:9.0.56]
	at org.apache.catalina.core.StandardContextValve.invoke(StandardContextValve.java:97) ~[tomcat-embed-core-9.0.56.jar:9.0.56]
	at org.apache.catalina.authenticator.AuthenticatorBase.invoke(AuthenticatorBase.java:540) ~[tomcat-embed-core-9.0.56.jar:9.0.56]
	at org.apache.catalina.core.StandardHostValve.invoke(StandardHostValve.java:135) ~[tomcat-embed-core-9.0.56.jar:9.0.56]
	at org.apache.catalina.valves.ErrorReportValve.invoke(ErrorReportValve.java:92) ~[tomcat-embed-core-9.0.56.jar:9.0.56]
	at org.apache.catalina.core.StandardEngineValve.invoke(StandardEngineValve.java:78) ~[tomcat-embed-core-9.0.56.jar:9.0.56]
	at org.apache.catalina.connector.CoyoteAdapter.service(CoyoteAdapter.java:357) ~[tomcat-embed-core-9.0.56.jar:9.0.56]
	at org.apache.coyote.http11.Http11Processor.service(Http11Processor.java:382) ~[tomcat-embed-core-9.0.56.jar:9.0.56]
	at org.apache.coyote.AbstractProcessorLight.process(AbstractProcessorLight.java:65) ~[tomcat-embed-core-9.0.56.jar:9.0.56]
	at org.apache.coyote.AbstractProtocol$ConnectionHandler.process(AbstractProtocol.java:895) ~[tomcat-embed-core-9.0.56.jar:9.0.56]
	at org.apache.tomcat.util.net.NioEndpoint$SocketProcessor.doRun(NioEndpoint.java:1732) ~[tomcat-embed-core-9.0.56.jar:9.0.56]
	at org.apache.tomcat.util.net.SocketProcessorBase.run(SocketProcessorBase.java:49) ~[tomcat-embed-core-9.0.56.jar:9.0.56]
	at org.apache.tomcat.util.threads.ThreadPoolExecutor.runWorker(ThreadPoolExecutor.java:1191) ~[tomcat-embed-core-9.0.56.jar:9.0.56]
	at org.apache.tomcat.util.threads.ThreadPoolExecutor$Worker.run(ThreadPoolExecutor.java:659) ~[tomcat-embed-core-9.0.56.jar:9.0.56]
	at org.apache.tomcat.util.threads.TaskThread$WrappingRunnable.run(TaskThread.java:61) ~[tomcat-embed-core-9.0.56.jar:9.0.56]
	at java.base/java.lang.Thread.run(Thread.java:833) ~[na:na]

2026-04-07 09:37:54.096  INFO 10872 --- [RMI TCP Connection(11)-127.0.0.1] inMXBeanRegistrar$SpringApplicationAdmin : Application shutdown requested.
2026-04-07 09:37:55.396  INFO 8708 --- [main] com.example.demo.FrontBusApplication     : Starting FrontBusApplication using Java 17.0.4.1 on Windows10-2025 with PID 8708 (C:\Users\usuario\Desktop\prueba_solemne1\front-plato\target\classes started by usuario in C:\Users\usuario\Desktop\prueba_solemne1\front-plato)
2026-04-07 09:37:55.397  INFO 8708 --- [main] com.example.demo.FrontBusApplication     : No active profile set, falling back to default profiles: default
2026-04-07 09:37:55.625  INFO 8708 --- [main] o.s.b.w.embedded.tomcat.TomcatWebServer  : Tomcat initialized with port(s): 9876 (http)
2026-04-07 09:37:55.627  INFO 8708 --- [main] o.apache.catalina.core.StandardService   : Starting service [Tomcat]
2026-04-07 09:37:55.627  INFO 8708 --- [main] org.apache.catalina.core.StandardEngine  : Starting Servlet engine: [Apache Tomcat/9.0.56]
2026-04-07 09:37:55.648  INFO 8708 --- [main] o.a.c.c.C.[Tomcat].[localhost].[/]       : Initializing Spring embedded WebApplicationContext
2026-04-07 09:37:55.648  INFO 8708 --- [main] w.s.c.ServletWebServerApplicationContext : Root WebApplicationContext: initialization completed in 235 ms
2026-04-07 09:37:55.714  INFO 8708 --- [main] o.s.b.a.w.s.WelcomePageHandlerMapping    : Adding welcome page template: index
2026-04-07 09:37:55.776  INFO 8708 --- [main] o.s.b.w.embedded.tomcat.TomcatWebServer  : Tomcat started on port(s): 9876 (http) with context path ''
2026-04-07 09:37:55.779  INFO 8708 --- [main] com.example.demo.FrontBusApplication     : Started FrontBusApplication in 0.941 seconds (JVM running for 1.31)
2026-04-07 09:37:57.083  INFO 8708 --- [http-nio-9876-exec-1] o.a.c.c.C.[Tomcat].[localhost].[/]       : Initializing Spring DispatcherServlet 'dispatcherServlet'
2026-04-07 09:37:57.084  INFO 8708 --- [http-nio-9876-exec-1] o.s.web.servlet.DispatcherServlet        : Initializing Servlet 'dispatcherServlet'
2026-04-07 09:37:57.084  INFO 8708 --- [http-nio-9876-exec-1] o.s.web.servlet.DispatcherServlet        : Completed initialization in 0 ms
2026-04-07 09:46:06.356  INFO 8708 --- [RMI TCP Connection(17)-127.0.0.1] inMXBeanRegistrar$SpringApplicationAdmin : Application shutdown requested.
2026-04-07 09:52:32.691  INFO 1732 --- [main] com.example.demo.FrontBusApplication     : Starting FrontBusApplication using Java 17.0.4.1 on Windows10-2025 with PID 1732 (C:\Users\usuario\Desktop\prueba_solemne1\front-plato\target\classes started by usuario in C:\Users\usuario\Desktop\prueba_solemne1\front-plato)
2026-04-07 09:52:32.694  INFO 1732 --- [main] com.example.demo.FrontBusApplication     : No active profile set, falling back to default profiles: default
2026-04-07 09:52:33.318  INFO 1732 --- [main] o.s.b.w.embedded.tomcat.TomcatWebServer  : Tomcat initialized with port(s): 9876 (http)
2026-04-07 09:52:33.327  INFO 1732 --- [main] o.apache.catalina.core.StandardService   : Starting service [Tomcat]
2026-04-07 09:52:33.327  INFO 1732 --- [main] org.apache.catalina.core.StandardEngine  : Starting Servlet engine: [Apache Tomcat/9.0.56]
2026-04-07 09:52:33.376  INFO 1732 --- [main] o.a.c.c.C.[Tomcat].[localhost].[/]       : Initializing Spring embedded WebApplicationContext
2026-04-07 09:52:33.376  INFO 1732 --- [main] w.s.c.ServletWebServerApplicationContext : Root WebApplicationContext: initialization completed in 633 ms
2026-04-07 09:52:33.553  INFO 1732 --- [main] o.s.b.a.w.s.WelcomePageHandlerMapping    : Adding welcome page template: index
2026-04-07 09:52:33.667  INFO 1732 --- [main] o.s.b.w.embedded.tomcat.TomcatWebServer  : Tomcat started on port(s): 9876 (http) with context path ''
2026-04-07 09:52:33.675  INFO 1732 --- [main] com.example.demo.FrontBusApplication     : Started FrontBusApplication in 0.926 seconds (JVM running for 1.255)
2026-04-07 09:52:38.380  INFO 1732 --- [http-nio-9876-exec-1] o.a.c.c.C.[Tomcat].[localhost].[/]       : Initializing Spring DispatcherServlet 'dispatcherServlet'
2026-04-07 09:52:38.381  INFO 1732 --- [http-nio-9876-exec-1] o.s.web.servlet.DispatcherServlet        : Initializing Servlet 'dispatcherServlet'
2026-04-07 09:52:38.383  INFO 1732 --- [http-nio-9876-exec-1] o.s.web.servlet.DispatcherServlet        : Completed initialization in 2 ms
2026-04-07 09:58:01.074  INFO 1732 --- [RMI TCP Connection(14)-127.0.0.1] inMXBeanRegistrar$SpringApplicationAdmin : Application shutdown requested.
2026-04-07 09:58:13.449  INFO 12140 --- [main] com.example.demo.FrontBusApplication     : Starting FrontBusApplication using Java 17.0.4.1 on Windows10-2025 with PID 12140 (C:\Users\usuario\Desktop\prueba_solemne1\front-plato\target\classes started by usuario in C:\Users\usuario\Desktop\prueba_solemne1\front-plato)
2026-04-07 09:58:13.450  INFO 12140 --- [main] com.example.demo.FrontBusApplication     : No active profile set, falling back to default profiles: default
2026-04-07 09:58:13.962  INFO 12140 --- [main] o.s.b.w.embedded.tomcat.TomcatWebServer  : Tomcat initialized with port(s): 9876 (http)
2026-04-07 09:58:13.970  INFO 12140 --- [main] o.apache.catalina.core.StandardService   : Starting service [Tomcat]
2026-04-07 09:58:13.971  INFO 12140 --- [main] org.apache.catalina.core.StandardEngine  : Starting Servlet engine: [Apache Tomcat/9.0.56]
2026-04-07 09:58:14.013  INFO 12140 --- [main] o.a.c.c.C.[Tomcat].[localhost].[/]       : Initializing Spring embedded WebApplicationContext
2026-04-07 09:58:14.013  INFO 12140 --- [main] w.s.c.ServletWebServerApplicationContext : Root WebApplicationContext: initialization completed in 524 ms
2026-04-07 09:58:14.184  INFO 12140 --- [main] o.s.b.a.w.s.WelcomePageHandlerMapping    : Adding welcome page template: index
2026-04-07 09:58:14.319  INFO 12140 --- [main] o.s.b.w.embedded.tomcat.TomcatWebServer  : Tomcat started on port(s): 9876 (http) with context path ''
2026-04-07 09:58:14.328  INFO 12140 --- [main] com.example.demo.FrontBusApplication     : Started FrontBusApplication in 0.923 seconds (JVM running for 1.289)
2026-04-07 09:58:20.498  INFO 12140 --- [http-nio-9876-exec-1] o.a.c.c.C.[Tomcat].[localhost].[/]       : Initializing Spring DispatcherServlet 'dispatcherServlet'
2026-04-07 09:58:20.498  INFO 12140 --- [http-nio-9876-exec-1] o.s.web.servlet.DispatcherServlet        : Initializing Servlet 'dispatcherServlet'
2026-04-07 09:58:20.499  INFO 12140 --- [http-nio-9876-exec-1] o.s.web.servlet.DispatcherServlet        : Completed initialization in 1 ms
2026-04-07 09:59:36.061  INFO 12140 --- [RMI TCP Connection(11)-127.0.0.1] inMXBeanRegistrar$SpringApplicationAdmin : Application shutdown requested.
2026-04-07 09:59:37.096  INFO 11552 --- [main] com.example.demo.FrontBusApplication     : Starting FrontBusApplication using Java 17.0.4.1 on Windows10-2025 with PID 11552 (C:\Users\usuario\Desktop\prueba_solemne1\front-plato\target\classes started by usuario in C:\Users\usuario\Desktop\prueba_solemne1\front-plato)
2026-04-07 09:59:37.101  INFO 11552 --- [main] com.example.demo.FrontBusApplication     : No active profile set, falling back to default profiles: default
2026-04-07 09:59:37.511  INFO 11552 --- [main] o.s.b.w.embedded.tomcat.TomcatWebServer  : Tomcat initialized with port(s): 9876 (http)
2026-04-07 09:59:37.515  INFO 11552 --- [main] o.apache.catalina.core.StandardService   : Starting service [Tomcat]
2026-04-07 09:59:37.517  INFO 11552 --- [main] org.apache.catalina.core.StandardEngine  : Starting Servlet engine: [Apache Tomcat/9.0.56]
2026-04-07 09:59:37.546  INFO 11552 --- [main] o.a.c.c.C.[Tomcat].[localhost].[/]       : Initializing Spring embedded WebApplicationContext
2026-04-07 09:59:37.547  INFO 11552 --- [main] w.s.c.ServletWebServerApplicationContext : Root WebApplicationContext: initialization completed in 420 ms
2026-04-07 09:59:37.668  INFO 11552 --- [main] o.s.b.a.w.s.WelcomePageHandlerMapping    : Adding welcome page template: index
2026-04-07 09:59:37.733  INFO 11552 --- [main] o.s.b.w.embedded.tomcat.TomcatWebServer  : Tomcat started on port(s): 9876 (http) with context path ''
2026-04-07 09:59:37.738  INFO 11552 --- [main] com.example.demo.FrontBusApplication     : Started FrontBusApplication in 1.071 seconds (JVM running for 1.63)
2026-04-07 09:59:39.381  INFO 11552 --- [http-nio-9876-exec-1] o.a.c.c.C.[Tomcat].[localhost].[/]       : Initializing Spring DispatcherServlet 'dispatcherServlet'
2026-04-07 09:59:39.382  INFO 11552 --- [http-nio-9876-exec-1] o.s.web.servlet.DispatcherServlet        : Initializing Servlet 'dispatcherServlet'
2026-04-07 09:59:39.383  INFO 11552 --- [http-nio-9876-exec-1] o.s.web.servlet.DispatcherServlet        : Completed initialization in 1 ms
2026-04-07 10:01:51.757  INFO 11552 --- [RMI TCP Connection(9)-127.0.0.1] inMXBeanRegistrar$SpringApplicationAdmin : Application shutdown requested.
2026-04-07 10:01:55.174  INFO 7448 --- [main] com.example.demo.FrontBusApplication     : Starting FrontBusApplication using Java 17.0.4.1 on Windows10-2025 with PID 7448 (C:\Users\usuario\Desktop\prueba_solemne1\front-plato\target\classes started by usuario in C:\Users\usuario\Desktop\prueba_solemne1\front-plato)
2026-04-07 10:01:55.175  INFO 7448 --- [main] com.example.demo.FrontBusApplication     : No active profile set, falling back to default profiles: default
2026-04-07 10:01:55.589  INFO 7448 --- [main] o.s.b.w.embedded.tomcat.TomcatWebServer  : Tomcat initialized with port(s): 9876 (http)
2026-04-07 10:01:55.593  INFO 7448 --- [main] o.apache.catalina.core.StandardService   : Starting service [Tomcat]
2026-04-07 10:01:55.593  INFO 7448 --- [main] org.apache.catalina.core.StandardEngine  : Starting Servlet engine: [Apache Tomcat/9.0.56]
2026-04-07 10:01:55.625  INFO 7448 --- [main] o.a.c.c.C.[Tomcat].[localhost].[/]       : Initializing Spring embedded WebApplicationContext
2026-04-07 10:01:55.626  INFO 7448 --- [main] w.s.c.ServletWebServerApplicationContext : Root WebApplicationContext: initialization completed in 424 ms
2026-04-07 10:01:55.741  INFO 7448 --- [main] o.s.b.a.w.s.WelcomePageHandlerMapping    : Adding welcome page template: index
2026-04-07 10:01:55.814  INFO 7448 --- [main] o.s.b.w.embedded.tomcat.TomcatWebServer  : Tomcat started on port(s): 9876 (http) with context path ''
2026-04-07 10:01:55.819  INFO 7448 --- [main] com.example.demo.FrontBusApplication     : Started FrontBusApplication in 0.928 seconds (JVM running for 1.26)
2026-04-07 10:02:00.653  INFO 7448 --- [http-nio-9876-exec-1] o.a.c.c.C.[Tomcat].[localhost].[/]       : Initializing Spring DispatcherServlet 'dispatcherServlet'
2026-04-07 10:02:00.653  INFO 7448 --- [http-nio-9876-exec-1] o.s.web.servlet.DispatcherServlet        : Initializing Servlet 'dispatcherServlet'
2026-04-07 10:02:00.653  INFO 7448 --- [http-nio-9876-exec-1] o.s.web.servlet.DispatcherServlet        : Completed initialization in 0 ms
2026-04-07 10:04:08.521  WARN 7448 --- [http-nio-9876-exec-1] .w.s.m.s.DefaultHandlerExceptionResolver : Resolved [org.springframework.validation.BindException: org.springframework.validation.BeanPropertyBindingResult: 1 errors<EOL>Field error in object 'bus' on field 'combustible': rejected value [DD]; codes [typeMismatch.bus.combustible,typeMismatch.combustible,typeMismatch.char,typeMismatch]; arguments [org.springframework.context.support.DefaultMessageSourceResolvable: codes [bus.combustible,combustible]; arguments []; default message [combustible]]; default message [Failed to convert property value of type 'java.lang.String' to required type 'char' for property 'combustible'; nested exception is java.lang.IllegalArgumentException: String [DD] with length 2 cannot be converted to char type: neither Unicode nor single character]]
2026-04-07 10:05:12.195  INFO 7448 --- [RMI TCP Connection(12)-127.0.0.1] inMXBeanRegistrar$SpringApplicationAdmin : Application shutdown requested.
2026-04-07 10:05:13.869  INFO 8448 --- [main] com.example.demo.FrontBusApplication     : Starting FrontBusApplication using Java 17.0.4.1 on Windows10-2025 with PID 8448 (C:\Users\usuario\Desktop\prueba_solemne1\front-plato\target\classes started by usuario in C:\Users\usuario\Desktop\prueba_solemne1\front-plato)
2026-04-07 10:05:13.869  INFO 8448 --- [main] com.example.demo.FrontBusApplication     : No active profile set, falling back to default profiles: default
2026-04-07 10:05:14.229  INFO 8448 --- [main] o.s.b.w.embedded.tomcat.TomcatWebServer  : Tomcat initialized with port(s): 9876 (http)
2026-04-07 10:05:14.233  INFO 8448 --- [main] o.apache.catalina.core.StandardService   : Starting service [Tomcat]
2026-04-07 10:05:14.234  INFO 8448 --- [main] org.apache.catalina.core.StandardEngine  : Starting Servlet engine: [Apache Tomcat/9.0.56]
2026-04-07 10:05:14.265  INFO 8448 --- [main] o.a.c.c.C.[Tomcat].[localhost].[/]       : Initializing Spring embedded WebApplicationContext
2026-04-07 10:05:14.266  INFO 8448 --- [main] w.s.c.ServletWebServerApplicationContext : Root WebApplicationContext: initialization completed in 372 ms
2026-04-07 10:05:14.384  INFO 8448 --- [main] o.s.b.a.w.s.WelcomePageHandlerMapping    : Adding welcome page template: index
2026-04-07 10:05:14.470  INFO 8448 --- [main] o.s.b.w.embedded.tomcat.TomcatWebServer  : Tomcat started on port(s): 9876 (http) with context path ''
2026-04-07 10:05:14.474  INFO 8448 --- [main] com.example.demo.FrontBusApplication     : Started FrontBusApplication in 0.957 seconds (JVM running for 1.306)
2026-04-07 10:05:16.180  INFO 8448 --- [http-nio-9876-exec-1] o.a.c.c.C.[Tomcat].[localhost].[/]       : Initializing Spring DispatcherServlet 'dispatcherServlet'
2026-04-07 10:05:16.180  INFO 8448 --- [http-nio-9876-exec-1] o.s.web.servlet.DispatcherServlet        : Initializing Servlet 'dispatcherServlet'
2026-04-07 10:05:16.180  INFO 8448 --- [http-nio-9876-exec-1] o.s.web.servlet.DispatcherServlet        : Completed initialization in 0 ms
2026-04-07 10:10:56.217  INFO 8448 --- [RMI TCP Connection(16)-127.0.0.1] inMXBeanRegistrar$SpringApplicationAdmin : Application shutdown requested.
2026-04-07 10:11:01.599  INFO 10948 --- [main] com.example.demo.FrontBusApplication     : Starting FrontBusApplication using Java 17.0.4.1 on Windows10-2025 with PID 10948 (C:\Users\usuario\Desktop\prueba_solemne1\front-plato\target\classes started by usuario in C:\Users\usuario\Desktop\prueba_solemne1\front-plato)
2026-04-07 10:11:01.602  INFO 10948 --- [main] com.example.demo.FrontBusApplication     : No active profile set, falling back to default profiles: default
2026-04-07 10:11:02.017  INFO 10948 --- [main] o.s.b.w.embedded.tomcat.TomcatWebServer  : Tomcat initialized with port(s): 9876 (http)
2026-04-07 10:11:02.022  INFO 10948 --- [main] o.apache.catalina.core.StandardService   : Starting service [Tomcat]
2026-04-07 10:11:02.023  INFO 10948 --- [main] org.apache.catalina.core.StandardEngine  : Starting Servlet engine: [Apache Tomcat/9.0.56]
2026-04-07 10:11:02.056  INFO 10948 --- [main] o.a.c.c.C.[Tomcat].[localhost].[/]       : Initializing Spring embedded WebApplicationContext
2026-04-07 10:11:02.056  INFO 10948 --- [main] w.s.c.ServletWebServerApplicationContext : Root WebApplicationContext: initialization completed in 413 ms
2026-04-07 10:11:02.182  INFO 10948 --- [main] o.s.b.a.w.s.WelcomePageHandlerMapping    : Adding welcome page template: index
2026-04-07 10:11:02.276  INFO 10948 --- [main] o.s.b.w.embedded.tomcat.TomcatWebServer  : Tomcat started on port(s): 9876 (http) with context path ''
2026-04-07 10:11:02.283  INFO 10948 --- [main] com.example.demo.FrontBusApplication     : Started FrontBusApplication in 0.912 seconds (JVM running for 1.286)
2026-04-07 10:11:03.014  INFO 10948 --- [RMI TCP Connection(8)-127.0.0.1] inMXBeanRegistrar$SpringApplicationAdmin : Application shutdown requested.
2026-04-07 10:11:11.756  INFO 11232 --- [main] com.example.demo.FrontBusApplication     : Starting FrontBusApplication using Java 17.0.4.1 on Windows10-2025 with PID 11232 (C:\Users\usuario\Desktop\prueba_solemne1\front-plato\target\classes started by usuario in C:\Users\usuario\Desktop\prueba_solemne1\front-plato)
2026-04-07 10:11:11.758  INFO 11232 --- [main] com.example.demo.FrontBusApplication     : No active profile set, falling back to default profiles: default
2026-04-07 10:11:12.214  INFO 11232 --- [main] o.s.b.w.embedded.tomcat.TomcatWebServer  : Tomcat initialized with port(s): 9876 (http)
2026-04-07 10:11:12.219  INFO 11232 --- [main] o.apache.catalina.core.StandardService   : Starting service [Tomcat]
2026-04-07 10:11:12.220  INFO 11232 --- [main] org.apache.catalina.core.StandardEngine  : Starting Servlet engine: [Apache Tomcat/9.0.56]
2026-04-07 10:11:12.276  INFO 11232 --- [main] o.a.c.c.C.[Tomcat].[localhost].[/]       : Initializing Spring embedded WebApplicationContext
2026-04-07 10:11:12.277  INFO 11232 --- [main] w.s.c.ServletWebServerApplicationContext : Root WebApplicationContext: initialization completed in 468 ms
2026-04-07 10:11:12.414  INFO 11232 --- [main] o.s.b.a.w.s.WelcomePageHandlerMapping    : Adding welcome page template: index
2026-04-07 10:11:12.510  INFO 11232 --- [main] o.s.b.w.embedded.tomcat.TomcatWebServer  : Tomcat started on port(s): 9876 (http) with context path ''
2026-04-07 10:11:12.516  INFO 11232 --- [main] com.example.demo.FrontBusApplication     : Started FrontBusApplication in 0.889 seconds (JVM running for 1.21)
2026-04-07 10:11:21.320  INFO 11232 --- [http-nio-9876-exec-1] o.a.c.c.C.[Tomcat].[localhost].[/]       : Initializing Spring DispatcherServlet 'dispatcherServlet'
2026-04-07 10:11:21.320  INFO 11232 --- [http-nio-9876-exec-1] o.s.web.servlet.DispatcherServlet        : Initializing Servlet 'dispatcherServlet'
2026-04-07 10:11:21.322  INFO 11232 --- [http-nio-9876-exec-1] o.s.web.servlet.DispatcherServlet        : Completed initialization in 2 ms
2026-04-07 10:15:24.029  INFO 11232 --- [RMI TCP Connection(12)-127.0.0.1] inMXBeanRegistrar$SpringApplicationAdmin : Application shutdown requested.
2026-04-07 10:16:47.858  INFO 7180 --- [main] com.example.demo.FrontBusApplication     : Starting FrontBusApplication using Java 17.0.4.1 on Windows10-2025 with PID 7180 (C:\Users\usuario\Desktop\prueba_solemne1\front-plato\target\classes started by usuario in C:\Users\usuario\Desktop\prueba_solemne1\front-plato)
2026-04-07 10:16:47.860  INFO 7180 --- [main] com.example.demo.FrontBusApplication     : No active profile set, falling back to default profiles: default
2026-04-07 10:16:48.377  INFO 7180 --- [main] o.s.b.w.embedded.tomcat.TomcatWebServer  : Tomcat initialized with port(s): 9876 (http)
2026-04-07 10:16:48.383  INFO 7180 --- [main] o.apache.catalina.core.StandardService   : Starting service [Tomcat]
2026-04-07 10:16:48.383  INFO 7180 --- [main] org.apache.catalina.core.StandardEngine  : Starting Servlet engine: [Apache Tomcat/9.0.56]
2026-04-07 10:16:48.427  INFO 7180 --- [main] o.a.c.c.C.[Tomcat].[localhost].[/]       : Initializing Spring embedded WebApplicationContext
2026-04-07 10:16:48.427  INFO 7180 --- [main] w.s.c.ServletWebServerApplicationContext : Root WebApplicationContext: initialization completed in 532 ms
2026-04-07 10:16:48.564  INFO 7180 --- [main] o.s.b.a.w.s.WelcomePageHandlerMapping    : Adding welcome page template: index
2026-04-07 10:16:48.663  INFO 7180 --- [main] o.s.b.w.embedded.tomcat.TomcatWebServer  : Tomcat started on port(s): 9876 (http) with context path ''
2026-04-07 10:16:48.669  INFO 7180 --- [main] com.example.demo.FrontBusApplication     : Started FrontBusApplication in 0.935 seconds (JVM running for 1.315)
2026-04-07 10:16:53.261  INFO 7180 --- [http-nio-9876-exec-1] o.a.c.c.C.[Tomcat].[localhost].[/]       : Initializing Spring DispatcherServlet 'dispatcherServlet'
2026-04-07 10:16:53.261  INFO 7180 --- [http-nio-9876-exec-1] o.s.web.servlet.DispatcherServlet        : Initializing Servlet 'dispatcherServlet'
2026-04-07 10:16:53.262  INFO 7180 --- [http-nio-9876-exec-1] o.s.web.servlet.DispatcherServlet        : Completed initialization in 1 ms
2026-04-07 10:17:56.611  INFO 7180 --- [RMI TCP Connection(10)-127.0.0.1] inMXBeanRegistrar$SpringApplicationAdmin : Application shutdown requested.
2026-04-07 10:22:04.654  INFO 10544 --- [main] com.example.demo.FrontBusApplication     : Starting FrontBusApplication using Java 17.0.4.1 on Windows10-2025 with PID 10544 (C:\Users\usuario\Desktop\prueba_solemne1\front-plato\target\classes started by usuario in C:\Users\usuario\Desktop\prueba_solemne1\front-plato)
2026-04-07 10:22:04.655  INFO 10544 --- [main] com.example.demo.FrontBusApplication     : No active profile set, falling back to default profiles: default
2026-04-07 10:22:05.064  INFO 10544 --- [main] o.s.b.w.embedded.tomcat.TomcatWebServer  : Tomcat initialized with port(s): 9876 (http)
2026-04-07 10:22:05.070  INFO 10544 --- [main] o.apache.catalina.core.StandardService   : Starting service [Tomcat]
2026-04-07 10:22:05.070  INFO 10544 --- [main] org.apache.catalina.core.StandardEngine  : Starting Servlet engine: [Apache Tomcat/9.0.56]
2026-04-07 10:22:05.106  INFO 10544 --- [main] o.a.c.c.C.[Tomcat].[localhost].[/]       : Initializing Spring embedded WebApplicationContext
2026-04-07 10:22:05.108  INFO 10544 --- [main] w.s.c.ServletWebServerApplicationContext : Root WebApplicationContext: initialization completed in 425 ms
2026-04-07 10:22:05.232  INFO 10544 --- [main] o.s.b.a.w.s.WelcomePageHandlerMapping    : Adding welcome page template: index
2026-04-07 10:22:05.315  INFO 10544 --- [main] o.s.b.w.embedded.tomcat.TomcatWebServer  : Tomcat started on port(s): 9876 (http) with context path ''
2026-04-07 10:22:05.322  INFO 10544 --- [main] com.example.demo.FrontBusApplication     : Started FrontBusApplication in 0.877 seconds (JVM running for 1.209)
2026-04-07 10:22:12.195  INFO 10544 --- [http-nio-9876-exec-1] o.a.c.c.C.[Tomcat].[localhost].[/]       : Initializing Spring DispatcherServlet 'dispatcherServlet'
2026-04-07 10:22:12.195  INFO 10544 --- [http-nio-9876-exec-1] o.s.web.servlet.DispatcherServlet        : Initializing Servlet 'dispatcherServlet'
2026-04-07 10:22:12.197  INFO 10544 --- [http-nio-9876-exec-1] o.s.web.servlet.DispatcherServlet        : Completed initialization in 1 ms
2026-04-07 10:25:50.581  INFO 10544 --- [RMI TCP Connection(14)-127.0.0.1] inMXBeanRegistrar$SpringApplicationAdmin : Application shutdown requested.
2026-04-07 10:26:06.738  INFO 7040 --- [main] com.example.demo.FrontBusApplication     : Starting FrontBusApplication using Java 17.0.4.1 on Windows10-2025 with PID 7040 (C:\Users\usuario\Desktop\prueba_solemne1\front-plato\target\classes started by usuario in C:\Users\usuario\Desktop\prueba_solemne1\front-plato)
2026-04-07 10:26:06.740  INFO 7040 --- [main] com.example.demo.FrontBusApplication     : No active profile set, falling back to default profiles: default
2026-04-07 10:26:07.265  INFO 7040 --- [main] o.s.b.w.embedded.tomcat.TomcatWebServer  : Tomcat initialized with port(s): 9876 (http)
2026-04-07 10:26:07.274  INFO 7040 --- [main] o.apache.catalina.core.StandardService   : Starting service [Tomcat]
2026-04-07 10:26:07.275  INFO 7040 --- [main] org.apache.catalina.core.StandardEngine  : Starting Servlet engine: [Apache Tomcat/9.0.56]
2026-04-07 10:26:07.322  INFO 7040 --- [main] o.a.c.c.C.[Tomcat].[localhost].[/]       : Initializing Spring embedded WebApplicationContext
2026-04-07 10:26:07.323  INFO 7040 --- [main] w.s.c.ServletWebServerApplicationContext : Root WebApplicationContext: initialization completed in 550 ms
2026-04-07 10:26:07.476  INFO 7040 --- [main] o.s.b.a.w.s.WelcomePageHandlerMapping    : Adding welcome page template: index
2026-04-07 10:26:07.624  INFO 7040 --- [main] o.s.b.w.embedded.tomcat.TomcatWebServer  : Tomcat started on port(s): 9876 (http) with context path ''
2026-04-07 10:26:07.631  INFO 7040 --- [main] com.example.demo.FrontBusApplication     : Started FrontBusApplication in 0.938 seconds (JVM running for 1.304)
2026-04-07 10:26:12.564  INFO 7040 --- [http-nio-9876-exec-1] o.a.c.c.C.[Tomcat].[localhost].[/]       : Initializing Spring DispatcherServlet 'dispatcherServlet'
2026-04-07 10:26:12.570  INFO 7040 --- [http-nio-9876-exec-1] o.s.web.servlet.DispatcherServlet        : Initializing Servlet 'dispatcherServlet'
2026-04-07 10:26:12.571  INFO 7040 --- [http-nio-9876-exec-1] o.s.web.servlet.DispatcherServlet        : Completed initialization in 1 ms
